   RowNo_1:ColumnNo_14_____Guarantor Mobile No#_Additional Header Column Added____________Time:Tuesday, 28 April 2020 09:56:06 AM

++++++++++++++++++++++++++++++++++++++++++++++++++++++++++++++++++++++++++++++++++++++++++++++++++++++++++++++++++++++++++++++++
   RowNo_1:ColumnNo_14_____Guarantor Mno_Missing Header Column____________Time:Tuesday, 28 April 2020 09:56:06 AM

++++++++++++++++++++++++++++++++++++++++++++++++++++++++++++++++++++++++++++++++++++++++++++++++++++++++++++++++++++++++++++++++

=======================================================================================================================================================
   RowNo_3:ColumnNo_10_____phone 1 must be 10 digit only____________Time:Tuesday, 28 April 2020 09:56:06 AM

++++++++++++++++++++++++++++++++++++++++++++++++++++++++++++++++++++++++++++++++++++++++++++++++++++++++++++++++++++++++++++++++

=======================================================================================================================================================
   RowNo_4:ColumnNo_10_____phone 1 must be 10 digit only____________Time:Tuesday, 28 April 2020 09:56:06 AM

++++++++++++++++++++++++++++++++++++++++++++++++++++++++++++++++++++++++++++++++++++++++++++++++++++++++++++++++++++++++++++++++
   RowNo_4:ColumnNo_4_____CUST ID must be numeric____________Time:Tuesday, 28 April 2020 09:56:06 AM

++++++++++++++++++++++++++++++++++++++++++++++++++++++++++++++++++++++++++++++++++++++++++++++++++++++++++++++++++++++++++++++++

=======================================================================================================================================================
   RowNo_5:ColumnNo_10_____phone 1 must be 10 digit only____________Time:Tuesday, 28 April 2020 09:56:06 AM

++++++++++++++++++++++++++++++++++++++++++++++++++++++++++++++++++++++++++++++++++++++++++++++++++++++++++++++++++++++++++++++++
   RowNo_5:ColumnNo_34_____Contact no must be 10 digit only____________Time:Tuesday, 28 April 2020 09:56:06 AM

++++++++++++++++++++++++++++++++++++++++++++++++++++++++++++++++++++++++++++++++++++++++++++++++++++++++++++++++++++++++++++++++

=======================================================================================================================================================
   RowNo_7:ColumnNo_10_____phone 1 must be 10 digit only____________Time:Tuesday, 28 April 2020 09:56:06 AM

++++++++++++++++++++++++++++++++++++++++++++++++++++++++++++++++++++++++++++++++++++++++++++++++++++++++++++++++++++++++++++++++

=======================================================================================================================================================
   RowNo_8:ColumnNo_10_____phone 1 must be 10 digit only____________Time:Tuesday, 28 April 2020 09:56:06 AM

++++++++++++++++++++++++++++++++++++++++++++++++++++++++++++++++++++++++++++++++++++++++++++++++++++++++++++++++++++++++++++++++
   RowNo_1:ColumnNo_14_____Guarantor Mobile No#_Additional Header Column Added____________Time:Tuesday, 28 April 2020 09:57:21 AM

++++++++++++++++++++++++++++++++++++++++++++++++++++++++++++++++++++++++++++++++++++++++++++++++++++++++++++++++++++++++++++++++
   RowNo_1:ColumnNo_14_____Guarantor Mno_Missing Header Column____________Time:Tuesday, 28 April 2020 09:57:21 AM

++++++++++++++++++++++++++++++++++++++++++++++++++++++++++++++++++++++++++++++++++++++++++++++++++++++++++++++++++++++++++++++++

=======================================================================================================================================================
   RowNo_3:ColumnNo_10_____phone 1 must be 10 digit only____________Time:Tuesday, 28 April 2020 09:57:21 AM

++++++++++++++++++++++++++++++++++++++++++++++++++++++++++++++++++++++++++++++++++++++++++++++++++++++++++++++++++++++++++++++++

=======================================================================================================================================================
   RowNo_4:ColumnNo_10_____phone 1 must be 10 digit only____________Time:Tuesday, 28 April 2020 09:57:21 AM

++++++++++++++++++++++++++++++++++++++++++++++++++++++++++++++++++++++++++++++++++++++++++++++++++++++++++++++++++++++++++++++++
   RowNo_4:ColumnNo_4_____CUST ID must be numeric____________Time:Tuesday, 28 April 2020 09:57:21 AM

++++++++++++++++++++++++++++++++++++++++++++++++++++++++++++++++++++++++++++++++++++++++++++++++++++++++++++++++++++++++++++++++

=======================================================================================================================================================
   RowNo_5:ColumnNo_10_____phone 1 must be 10 digit only____________Time:Tuesday, 28 April 2020 09:57:21 AM

++++++++++++++++++++++++++++++++++++++++++++++++++++++++++++++++++++++++++++++++++++++++++++++++++++++++++++++++++++++++++++++++
   RowNo_5:ColumnNo_34_____Contact no must be 10 digit only____________Time:Tuesday, 28 April 2020 09:57:21 AM

++++++++++++++++++++++++++++++++++++++++++++++++++++++++++++++++++++++++++++++++++++++++++++++++++++++++++++++++++++++++++++++++

=======================================================================================================================================================
   RowNo_7:ColumnNo_10_____phone 1 must be 10 digit only____________Time:Tuesday, 28 April 2020 09:57:21 AM

++++++++++++++++++++++++++++++++++++++++++++++++++++++++++++++++++++++++++++++++++++++++++++++++++++++++++++++++++++++++++++++++

=======================================================================================================================================================
   RowNo_8:ColumnNo_10_____phone 1 must be 10 digit only____________Time:Tuesday, 28 April 2020 09:57:21 AM

++++++++++++++++++++++++++++++++++++++++++++++++++++++++++++++++++++++++++++++++++++++++++++++++++++++++++++++++++++++++++++++++
   RowNo_1:ColumnNo_14_____Guarantor Mobile No#_Additional Header Column Added____________Time:Tuesday, 28 April 2020 09:57:57 AM

++++++++++++++++++++++++++++++++++++++++++++++++++++++++++++++++++++++++++++++++++++++++++++++++++++++++++++++++++++++++++++++++
   RowNo_1:ColumnNo_14_____Guarantor Mno_Missing Header Column____________Time:Tuesday, 28 April 2020 09:57:57 AM

++++++++++++++++++++++++++++++++++++++++++++++++++++++++++++++++++++++++++++++++++++++++++++++++++++++++++++++++++++++++++++++++

=======================================================================================================================================================
   RowNo_3:ColumnNo_10_____phone 1 must be 10 digit only____________Time:Tuesday, 28 April 2020 09:57:57 AM

++++++++++++++++++++++++++++++++++++++++++++++++++++++++++++++++++++++++++++++++++++++++++++++++++++++++++++++++++++++++++++++++

=======================================================================================================================================================
   RowNo_4:ColumnNo_10_____phone 1 must be 10 digit only____________Time:Tuesday, 28 April 2020 09:57:57 AM

++++++++++++++++++++++++++++++++++++++++++++++++++++++++++++++++++++++++++++++++++++++++++++++++++++++++++++++++++++++++++++++++
   RowNo_4:ColumnNo_4_____CUST ID must be numeric____________Time:Tuesday, 28 April 2020 09:57:57 AM

++++++++++++++++++++++++++++++++++++++++++++++++++++++++++++++++++++++++++++++++++++++++++++++++++++++++++++++++++++++++++++++++

=======================================================================================================================================================
   RowNo_5:ColumnNo_10_____phone 1 must be 10 digit only____________Time:Tuesday, 28 April 2020 09:57:57 AM

++++++++++++++++++++++++++++++++++++++++++++++++++++++++++++++++++++++++++++++++++++++++++++++++++++++++++++++++++++++++++++++++
   RowNo_5:ColumnNo_34_____Contact no must be 10 digit only____________Time:Tuesday, 28 April 2020 09:57:57 AM

++++++++++++++++++++++++++++++++++++++++++++++++++++++++++++++++++++++++++++++++++++++++++++++++++++++++++++++++++++++++++++++++

=======================================================================================================================================================
   RowNo_7:ColumnNo_10_____phone 1 must be 10 digit only____________Time:Tuesday, 28 April 2020 09:57:57 AM

++++++++++++++++++++++++++++++++++++++++++++++++++++++++++++++++++++++++++++++++++++++++++++++++++++++++++++++++++++++++++++++++

=======================================================================================================================================================
   RowNo_8:ColumnNo_10_____phone 1 must be 10 digit only____________Time:Tuesday, 28 April 2020 09:57:57 AM

++++++++++++++++++++++++++++++++++++++++++++++++++++++++++++++++++++++++++++++++++++++++++++++++++++++++++++++++++++++++++++++++
   RowNo_1:ColumnNo_14_____Guarantor Mobile No#_Additional Header Column Added____________Time:Tuesday, 28 April 2020 10:37:10 AM

++++++++++++++++++++++++++++++++++++++++++++++++++++++++++++++++++++++++++++++++++++++++++++++++++++++++++++++++++++++++++++++++
   RowNo_1:ColumnNo_14_____Guarantor Mno_Missing Header Column____________Time:Tuesday, 28 April 2020 10:37:10 AM

++++++++++++++++++++++++++++++++++++++++++++++++++++++++++++++++++++++++++++++++++++++++++++++++++++++++++++++++++++++++++++++++

=======================================================================================================================================================
   RowNo_3:ColumnNo_10_____phone 1 must be 10 digit only____________Time:Tuesday, 28 April 2020 10:37:10 AM

++++++++++++++++++++++++++++++++++++++++++++++++++++++++++++++++++++++++++++++++++++++++++++++++++++++++++++++++++++++++++++++++

=======================================================================================================================================================
   RowNo_4:ColumnNo_10_____phone 1 must be 10 digit only____________Time:Tuesday, 28 April 2020 10:37:10 AM

++++++++++++++++++++++++++++++++++++++++++++++++++++++++++++++++++++++++++++++++++++++++++++++++++++++++++++++++++++++++++++++++
   RowNo_4:ColumnNo_4_____CUST ID must be numeric____________Time:Tuesday, 28 April 2020 10:37:10 AM

++++++++++++++++++++++++++++++++++++++++++++++++++++++++++++++++++++++++++++++++++++++++++++++++++++++++++++++++++++++++++++++++

=======================================================================================================================================================
   RowNo_5:ColumnNo_10_____phone 1 must be 10 digit only____________Time:Tuesday, 28 April 2020 10:37:10 AM

++++++++++++++++++++++++++++++++++++++++++++++++++++++++++++++++++++++++++++++++++++++++++++++++++++++++++++++++++++++++++++++++
   RowNo_5:ColumnNo_34_____Contact no must be 10 digit only____________Time:Tuesday, 28 April 2020 10:37:10 AM

++++++++++++++++++++++++++++++++++++++++++++++++++++++++++++++++++++++++++++++++++++++++++++++++++++++++++++++++++++++++++++++++

=======================================================================================================================================================
   RowNo_7:ColumnNo_10_____phone 1 must be 10 digit only____________Time:Tuesday, 28 April 2020 10:37:10 AM

++++++++++++++++++++++++++++++++++++++++++++++++++++++++++++++++++++++++++++++++++++++++++++++++++++++++++++++++++++++++++++++++

=======================================================================================================================================================
   RowNo_8:ColumnNo_10_____phone 1 must be 10 digit only____________Time:Tuesday, 28 April 2020 10:37:10 AM

++++++++++++++++++++++++++++++++++++++++++++++++++++++++++++++++++++++++++++++++++++++++++++++++++++++++++++++++++++++++++++++++
   RowNo_1:ColumnNo_14_____Guarantor Mobile No#_Additional Header Column Added____________Time:Tuesday, 28 April 2020 10:41:25 AM

++++++++++++++++++++++++++++++++++++++++++++++++++++++++++++++++++++++++++++++++++++++++++++++++++++++++++++++++++++++++++++++++
   RowNo_1:ColumnNo_14_____Guarantor Mno_Missing Header Column____________Time:Tuesday, 28 April 2020 10:41:25 AM

++++++++++++++++++++++++++++++++++++++++++++++++++++++++++++++++++++++++++++++++++++++++++++++++++++++++++++++++++++++++++++++++

=======================================================================================================================================================
   RowNo_3:ColumnNo_10_____phone 1 must be 10 digit only____________Time:Tuesday, 28 April 2020 10:41:25 AM

++++++++++++++++++++++++++++++++++++++++++++++++++++++++++++++++++++++++++++++++++++++++++++++++++++++++++++++++++++++++++++++++

=======================================================================================================================================================
   RowNo_4:ColumnNo_10_____phone 1 must be 10 digit only____________Time:Tuesday, 28 April 2020 10:41:25 AM

++++++++++++++++++++++++++++++++++++++++++++++++++++++++++++++++++++++++++++++++++++++++++++++++++++++++++++++++++++++++++++++++
   RowNo_4:ColumnNo_4_____CUST ID must be numeric____________Time:Tuesday, 28 April 2020 10:41:25 AM

++++++++++++++++++++++++++++++++++++++++++++++++++++++++++++++++++++++++++++++++++++++++++++++++++++++++++++++++++++++++++++++++

=======================================================================================================================================================
   RowNo_5:ColumnNo_10_____phone 1 must be 10 digit only____________Time:Tuesday, 28 April 2020 10:41:25 AM

++++++++++++++++++++++++++++++++++++++++++++++++++++++++++++++++++++++++++++++++++++++++++++++++++++++++++++++++++++++++++++++++
   RowNo_5:ColumnNo_34_____Contact no must be 10 digit only____________Time:Tuesday, 28 April 2020 10:41:25 AM

++++++++++++++++++++++++++++++++++++++++++++++++++++++++++++++++++++++++++++++++++++++++++++++++++++++++++++++++++++++++++++++++

=======================================================================================================================================================
   RowNo_7:ColumnNo_10_____phone 1 must be 10 digit only____________Time:Tuesday, 28 April 2020 10:41:25 AM

++++++++++++++++++++++++++++++++++++++++++++++++++++++++++++++++++++++++++++++++++++++++++++++++++++++++++++++++++++++++++++++++

=======================================================================================================================================================
   RowNo_8:ColumnNo_10_____phone 1 must be 10 digit only____________Time:Tuesday, 28 April 2020 10:41:25 AM

++++++++++++++++++++++++++++++++++++++++++++++++++++++++++++++++++++++++++++++++++++++++++++++++++++++++++++++++++++++++++++++++
   RowNo_1:ColumnNo_14_____Guarantor Mobile No#_Additional Header Column Added____________Time:Tuesday, 28 April 2020 11:22:31 AM

++++++++++++++++++++++++++++++++++++++++++++++++++++++++++++++++++++++++++++++++++++++++++++++++++++++++++++++++++++++++++++++++
   RowNo_1:ColumnNo_14_____Guarantor Mno_Missing Header Column____________Time:Tuesday, 28 April 2020 11:22:31 AM

++++++++++++++++++++++++++++++++++++++++++++++++++++++++++++++++++++++++++++++++++++++++++++++++++++++++++++++++++++++++++++++++

=======================================================================================================================================================
   RowNo_3:ColumnNo_10_____phone 1 must be 10 digit only____________Time:Tuesday, 28 April 2020 11:22:31 AM

++++++++++++++++++++++++++++++++++++++++++++++++++++++++++++++++++++++++++++++++++++++++++++++++++++++++++++++++++++++++++++++++

=======================================================================================================================================================
   RowNo_4:ColumnNo_10_____phone 1 must be 10 digit only____________Time:Tuesday, 28 April 2020 11:22:31 AM

++++++++++++++++++++++++++++++++++++++++++++++++++++++++++++++++++++++++++++++++++++++++++++++++++++++++++++++++++++++++++++++++
   RowNo_4:ColumnNo_4_____CUST ID must be numeric____________Time:Tuesday, 28 April 2020 11:22:31 AM

++++++++++++++++++++++++++++++++++++++++++++++++++++++++++++++++++++++++++++++++++++++++++++++++++++++++++++++++++++++++++++++++

=======================================================================================================================================================
   RowNo_5:ColumnNo_10_____phone 1 must be 10 digit only____________Time:Tuesday, 28 April 2020 11:22:31 AM

++++++++++++++++++++++++++++++++++++++++++++++++++++++++++++++++++++++++++++++++++++++++++++++++++++++++++++++++++++++++++++++++
   RowNo_5:ColumnNo_34_____Contact no must be 10 digit only____________Time:Tuesday, 28 April 2020 11:22:31 AM

++++++++++++++++++++++++++++++++++++++++++++++++++++++++++++++++++++++++++++++++++++++++++++++++++++++++++++++++++++++++++++++++

=======================================================================================================================================================
   RowNo_7:ColumnNo_10_____phone 1 must be 10 digit only____________Time:Tuesday, 28 April 2020 11:22:31 AM

++++++++++++++++++++++++++++++++++++++++++++++++++++++++++++++++++++++++++++++++++++++++++++++++++++++++++++++++++++++++++++++++

=======================================================================================================================================================
   RowNo_8:ColumnNo_10_____phone 1 must be 10 digit only____________Time:Tuesday, 28 April 2020 11:22:31 AM

++++++++++++++++++++++++++++++++++++++++++++++++++++++++++++++++++++++++++++++++++++++++++++++++++++++++++++++++++++++++++++++++
   RowNo_1:ColumnNo_14_____Guarantor Mobile No#_Additional Header Column Added____________Time:Tuesday, 28 April 2020 11:24:28 AM

++++++++++++++++++++++++++++++++++++++++++++++++++++++++++++++++++++++++++++++++++++++++++++++++++++++++++++++++++++++++++++++++
   RowNo_1:ColumnNo_14_____Guarantor Mno_Missing Header Column____________Time:Tuesday, 28 April 2020 11:24:28 AM

++++++++++++++++++++++++++++++++++++++++++++++++++++++++++++++++++++++++++++++++++++++++++++++++++++++++++++++++++++++++++++++++

=======================================================================================================================================================
   RowNo_3:ColumnNo_10_____phone 1 must be 10 digit only____________Time:Tuesday, 28 April 2020 11:24:28 AM

++++++++++++++++++++++++++++++++++++++++++++++++++++++++++++++++++++++++++++++++++++++++++++++++++++++++++++++++++++++++++++++++

=======================================================================================================================================================
   RowNo_4:ColumnNo_10_____phone 1 must be 10 digit only____________Time:Tuesday, 28 April 2020 11:24:28 AM

++++++++++++++++++++++++++++++++++++++++++++++++++++++++++++++++++++++++++++++++++++++++++++++++++++++++++++++++++++++++++++++++
   RowNo_4:ColumnNo_4_____CUST ID must be numeric____________Time:Tuesday, 28 April 2020 11:24:28 AM

++++++++++++++++++++++++++++++++++++++++++++++++++++++++++++++++++++++++++++++++++++++++++++++++++++++++++++++++++++++++++++++++

=======================================================================================================================================================
   RowNo_5:ColumnNo_10_____phone 1 must be 10 digit only____________Time:Tuesday, 28 April 2020 11:24:28 AM

++++++++++++++++++++++++++++++++++++++++++++++++++++++++++++++++++++++++++++++++++++++++++++++++++++++++++++++++++++++++++++++++
   RowNo_5:ColumnNo_34_____Contact no must be 10 digit only____________Time:Tuesday, 28 April 2020 11:24:28 AM

++++++++++++++++++++++++++++++++++++++++++++++++++++++++++++++++++++++++++++++++++++++++++++++++++++++++++++++++++++++++++++++++

=======================================================================================================================================================
   RowNo_7:ColumnNo_10_____phone 1 must be 10 digit only____________Time:Tuesday, 28 April 2020 11:24:28 AM

++++++++++++++++++++++++++++++++++++++++++++++++++++++++++++++++++++++++++++++++++++++++++++++++++++++++++++++++++++++++++++++++

=======================================================================================================================================================
   RowNo_8:ColumnNo_10_____phone 1 must be 10 digit only____________Time:Tuesday, 28 April 2020 11:24:28 AM

++++++++++++++++++++++++++++++++++++++++++++++++++++++++++++++++++++++++++++++++++++++++++++++++++++++++++++++++++++++++++++++++
   RowNo_1:ColumnNo_14_____Guarantor Mobile No#_Additional Header Column Added____________Time:Tuesday, 28 April 2020 11:31:02 AM

++++++++++++++++++++++++++++++++++++++++++++++++++++++++++++++++++++++++++++++++++++++++++++++++++++++++++++++++++++++++++++++++
   RowNo_1:ColumnNo_14_____Guarantor Mno_Missing Header Column____________Time:Tuesday, 28 April 2020 11:31:02 AM

++++++++++++++++++++++++++++++++++++++++++++++++++++++++++++++++++++++++++++++++++++++++++++++++++++++++++++++++++++++++++++++++

=======================================================================================================================================================
   RowNo_3:ColumnNo_10_____phone 1 must be 10 digit only____________Time:Tuesday, 28 April 2020 11:31:02 AM

++++++++++++++++++++++++++++++++++++++++++++++++++++++++++++++++++++++++++++++++++++++++++++++++++++++++++++++++++++++++++++++++

=======================================================================================================================================================
   RowNo_4:ColumnNo_10_____phone 1 must be 10 digit only____________Time:Tuesday, 28 April 2020 11:31:02 AM

++++++++++++++++++++++++++++++++++++++++++++++++++++++++++++++++++++++++++++++++++++++++++++++++++++++++++++++++++++++++++++++++
   RowNo_4:ColumnNo_4_____CUST ID must be numeric____________Time:Tuesday, 28 April 2020 11:31:02 AM

++++++++++++++++++++++++++++++++++++++++++++++++++++++++++++++++++++++++++++++++++++++++++++++++++++++++++++++++++++++++++++++++

=======================================================================================================================================================
   RowNo_5:ColumnNo_10_____phone 1 must be 10 digit only____________Time:Tuesday, 28 April 2020 11:31:02 AM

++++++++++++++++++++++++++++++++++++++++++++++++++++++++++++++++++++++++++++++++++++++++++++++++++++++++++++++++++++++++++++++++
   RowNo_5:ColumnNo_34_____Contact no must be 10 digit only____________Time:Tuesday, 28 April 2020 11:31:02 AM

++++++++++++++++++++++++++++++++++++++++++++++++++++++++++++++++++++++++++++++++++++++++++++++++++++++++++++++++++++++++++++++++

=======================================================================================================================================================
   RowNo_7:ColumnNo_10_____phone 1 must be 10 digit only____________Time:Tuesday, 28 April 2020 11:31:02 AM

++++++++++++++++++++++++++++++++++++++++++++++++++++++++++++++++++++++++++++++++++++++++++++++++++++++++++++++++++++++++++++++++

=======================================================================================================================================================
   RowNo_8:ColumnNo_10_____phone 1 must be 10 digit only____________Time:Tuesday, 28 April 2020 11:31:02 AM

++++++++++++++++++++++++++++++++++++++++++++++++++++++++++++++++++++++++++++++++++++++++++++++++++++++++++++++++++++++++++++++++
   RowNo_1:ColumnNo_14_____Guarantor Mobile No#_Additional Header Column Added____________Time:Tuesday, 28 April 2020 20:34:02 PM

++++++++++++++++++++++++++++++++++++++++++++++++++++++++++++++++++++++++++++++++++++++++++++++++++++++++++++++++++++++++++++++++
   RowNo_1:ColumnNo_14_____Guarantor Mno_Missing Header Column____________Time:Tuesday, 28 April 2020 20:34:02 PM

++++++++++++++++++++++++++++++++++++++++++++++++++++++++++++++++++++++++++++++++++++++++++++++++++++++++++++++++++++++++++++++++

=======================================================================================================================================================
   RowNo_3:ColumnNo_10_____phone 1 must be 10 digit only____________Time:Tuesday, 28 April 2020 20:34:02 PM

++++++++++++++++++++++++++++++++++++++++++++++++++++++++++++++++++++++++++++++++++++++++++++++++++++++++++++++++++++++++++++++++

=======================================================================================================================================================
   RowNo_4:ColumnNo_10_____phone 1 must be 10 digit only____________Time:Tuesday, 28 April 2020 20:34:02 PM

++++++++++++++++++++++++++++++++++++++++++++++++++++++++++++++++++++++++++++++++++++++++++++++++++++++++++++++++++++++++++++++++
   RowNo_4:ColumnNo_4_____CUST ID must be numeric____________Time:Tuesday, 28 April 2020 20:34:02 PM

++++++++++++++++++++++++++++++++++++++++++++++++++++++++++++++++++++++++++++++++++++++++++++++++++++++++++++++++++++++++++++++++

=======================================================================================================================================================
   RowNo_5:ColumnNo_10_____phone 1 must be 10 digit only____________Time:Tuesday, 28 April 2020 20:34:02 PM

++++++++++++++++++++++++++++++++++++++++++++++++++++++++++++++++++++++++++++++++++++++++++++++++++++++++++++++++++++++++++++++++
   RowNo_5:ColumnNo_34_____Contact no must be 10 digit only____________Time:Tuesday, 28 April 2020 20:34:02 PM

++++++++++++++++++++++++++++++++++++++++++++++++++++++++++++++++++++++++++++++++++++++++++++++++++++++++++++++++++++++++++++++++

=======================================================================================================================================================
   RowNo_7:ColumnNo_10_____phone 1 must be 10 digit only____________Time:Tuesday, 28 April 2020 20:34:02 PM

++++++++++++++++++++++++++++++++++++++++++++++++++++++++++++++++++++++++++++++++++++++++++++++++++++++++++++++++++++++++++++++++

=======================================================================================================================================================
   RowNo_8:ColumnNo_10_____phone 1 must be 10 digit only____________Time:Tuesday, 28 April 2020 20:34:02 PM

++++++++++++++++++++++++++++++++++++++++++++++++++++++++++++++++++++++++++++++++++++++++++++++++++++++++++++++++++++++++++++++++
