   RowNo_1:ColumnNo_14_____Guarantor Mobile No#_Additional Header Column Added____________Time:Sunday, 26 April 2020 18:04:46 PM

++++++++++++++++++++++++++++++++++++++++++++++++++++++++++++++++++++++++++++++++++++++++++++++++++++++++++++++++++++++++++++++++
   RowNo_1:ColumnNo_14_____Guarantor Mno_Missing Header Column____________Time:Sunday, 26 April 2020 18:04:46 PM

++++++++++++++++++++++++++++++++++++++++++++++++++++++++++++++++++++++++++++++++++++++++++++++++++++++++++++++++++++++++++++++++

=======================================================================================================================================================
   RowNo_3:ColumnNo_10_____phone 1 must be 10 digit only____________Time:Sunday, 26 April 2020 18:04:46 PM

++++++++++++++++++++++++++++++++++++++++++++++++++++++++++++++++++++++++++++++++++++++++++++++++++++++++++++++++++++++++++++++++

=======================================================================================================================================================
   RowNo_4:ColumnNo_10_____phone 1 must be 10 digit only____________Time:Sunday, 26 April 2020 18:04:46 PM

++++++++++++++++++++++++++++++++++++++++++++++++++++++++++++++++++++++++++++++++++++++++++++++++++++++++++++++++++++++++++++++++
   RowNo_4:ColumnNo_4_____CUST ID must be numeric____________Time:Sunday, 26 April 2020 18:04:46 PM

++++++++++++++++++++++++++++++++++++++++++++++++++++++++++++++++++++++++++++++++++++++++++++++++++++++++++++++++++++++++++++++++

=======================================================================================================================================================
   RowNo_5:ColumnNo_10_____phone 1 must be 10 digit only____________Time:Sunday, 26 April 2020 18:04:46 PM

++++++++++++++++++++++++++++++++++++++++++++++++++++++++++++++++++++++++++++++++++++++++++++++++++++++++++++++++++++++++++++++++
   RowNo_5:ColumnNo_34_____Contact no must be 10 digit only____________Time:Sunday, 26 April 2020 18:04:46 PM

++++++++++++++++++++++++++++++++++++++++++++++++++++++++++++++++++++++++++++++++++++++++++++++++++++++++++++++++++++++++++++++++

=======================================================================================================================================================
   RowNo_7:ColumnNo_10_____phone 1 must be 10 digit only____________Time:Sunday, 26 April 2020 18:04:46 PM

++++++++++++++++++++++++++++++++++++++++++++++++++++++++++++++++++++++++++++++++++++++++++++++++++++++++++++++++++++++++++++++++

=======================================================================================================================================================
   RowNo_8:ColumnNo_10_____phone 1 must be 10 digit only____________Time:Sunday, 26 April 2020 18:04:46 PM

++++++++++++++++++++++++++++++++++++++++++++++++++++++++++++++++++++++++++++++++++++++++++++++++++++++++++++++++++++++++++++++++
   RowNo_1:ColumnNo_14_____Guarantor Mobile No#_Additional Header Column Added____________Time:Sunday, 26 April 2020 18:06:25 PM

++++++++++++++++++++++++++++++++++++++++++++++++++++++++++++++++++++++++++++++++++++++++++++++++++++++++++++++++++++++++++++++++
   RowNo_1:ColumnNo_14_____Guarantor Mno_Missing Header Column____________Time:Sunday, 26 April 2020 18:06:25 PM

++++++++++++++++++++++++++++++++++++++++++++++++++++++++++++++++++++++++++++++++++++++++++++++++++++++++++++++++++++++++++++++++

=======================================================================================================================================================
   RowNo_3:ColumnNo_10_____phone 1 must be 10 digit only____________Time:Sunday, 26 April 2020 18:06:25 PM

++++++++++++++++++++++++++++++++++++++++++++++++++++++++++++++++++++++++++++++++++++++++++++++++++++++++++++++++++++++++++++++++

=======================================================================================================================================================
   RowNo_4:ColumnNo_10_____phone 1 must be 10 digit only____________Time:Sunday, 26 April 2020 18:06:25 PM

++++++++++++++++++++++++++++++++++++++++++++++++++++++++++++++++++++++++++++++++++++++++++++++++++++++++++++++++++++++++++++++++
   RowNo_4:ColumnNo_4_____CUST ID must be numeric____________Time:Sunday, 26 April 2020 18:06:25 PM

++++++++++++++++++++++++++++++++++++++++++++++++++++++++++++++++++++++++++++++++++++++++++++++++++++++++++++++++++++++++++++++++

=======================================================================================================================================================
   RowNo_5:ColumnNo_10_____phone 1 must be 10 digit only____________Time:Sunday, 26 April 2020 18:06:25 PM

++++++++++++++++++++++++++++++++++++++++++++++++++++++++++++++++++++++++++++++++++++++++++++++++++++++++++++++++++++++++++++++++
   RowNo_5:ColumnNo_34_____Contact no must be 10 digit only____________Time:Sunday, 26 April 2020 18:06:25 PM

++++++++++++++++++++++++++++++++++++++++++++++++++++++++++++++++++++++++++++++++++++++++++++++++++++++++++++++++++++++++++++++++

=======================================================================================================================================================
   RowNo_7:ColumnNo_10_____phone 1 must be 10 digit only____________Time:Sunday, 26 April 2020 18:06:25 PM

++++++++++++++++++++++++++++++++++++++++++++++++++++++++++++++++++++++++++++++++++++++++++++++++++++++++++++++++++++++++++++++++

=======================================================================================================================================================
   RowNo_8:ColumnNo_10_____phone 1 must be 10 digit only____________Time:Sunday, 26 April 2020 18:06:25 PM

++++++++++++++++++++++++++++++++++++++++++++++++++++++++++++++++++++++++++++++++++++++++++++++++++++++++++++++++++++++++++++++++
   RowNo_1:ColumnNo_14_____Guarantor Mobile No#_Additional Header Column Added____________Time:Sunday, 26 April 2020 18:08:51 PM

++++++++++++++++++++++++++++++++++++++++++++++++++++++++++++++++++++++++++++++++++++++++++++++++++++++++++++++++++++++++++++++++
   RowNo_1:ColumnNo_14_____Guarantor Mno_Missing Header Column____________Time:Sunday, 26 April 2020 18:08:51 PM

++++++++++++++++++++++++++++++++++++++++++++++++++++++++++++++++++++++++++++++++++++++++++++++++++++++++++++++++++++++++++++++++

=======================================================================================================================================================
   RowNo_3:ColumnNo_10_____phone 1 must be 10 digit only____________Time:Sunday, 26 April 2020 18:08:51 PM

++++++++++++++++++++++++++++++++++++++++++++++++++++++++++++++++++++++++++++++++++++++++++++++++++++++++++++++++++++++++++++++++

=======================================================================================================================================================
   RowNo_4:ColumnNo_10_____phone 1 must be 10 digit only____________Time:Sunday, 26 April 2020 18:08:51 PM

++++++++++++++++++++++++++++++++++++++++++++++++++++++++++++++++++++++++++++++++++++++++++++++++++++++++++++++++++++++++++++++++
   RowNo_4:ColumnNo_4_____CUST ID must be numeric____________Time:Sunday, 26 April 2020 18:08:51 PM

++++++++++++++++++++++++++++++++++++++++++++++++++++++++++++++++++++++++++++++++++++++++++++++++++++++++++++++++++++++++++++++++

=======================================================================================================================================================
   RowNo_5:ColumnNo_10_____phone 1 must be 10 digit only____________Time:Sunday, 26 April 2020 18:08:51 PM

++++++++++++++++++++++++++++++++++++++++++++++++++++++++++++++++++++++++++++++++++++++++++++++++++++++++++++++++++++++++++++++++
   RowNo_5:ColumnNo_34_____Contact no must be 10 digit only____________Time:Sunday, 26 April 2020 18:08:51 PM

++++++++++++++++++++++++++++++++++++++++++++++++++++++++++++++++++++++++++++++++++++++++++++++++++++++++++++++++++++++++++++++++

=======================================================================================================================================================
   RowNo_7:ColumnNo_10_____phone 1 must be 10 digit only____________Time:Sunday, 26 April 2020 18:08:51 PM

++++++++++++++++++++++++++++++++++++++++++++++++++++++++++++++++++++++++++++++++++++++++++++++++++++++++++++++++++++++++++++++++

=======================================================================================================================================================
   RowNo_8:ColumnNo_10_____phone 1 must be 10 digit only____________Time:Sunday, 26 April 2020 18:08:51 PM

++++++++++++++++++++++++++++++++++++++++++++++++++++++++++++++++++++++++++++++++++++++++++++++++++++++++++++++++++++++++++++++++
   RowNo_1:ColumnNo_14_____Guarantor Mobile No#_Additional Header Column Added____________Time:Sunday, 26 April 2020 18:24:26 PM

++++++++++++++++++++++++++++++++++++++++++++++++++++++++++++++++++++++++++++++++++++++++++++++++++++++++++++++++++++++++++++++++
   RowNo_1:ColumnNo_14_____Guarantor Mno_Missing Header Column____________Time:Sunday, 26 April 2020 18:24:27 PM

++++++++++++++++++++++++++++++++++++++++++++++++++++++++++++++++++++++++++++++++++++++++++++++++++++++++++++++++++++++++++++++++

=======================================================================================================================================================
   RowNo_3:ColumnNo_10_____phone 1 must be 10 digit only____________Time:Sunday, 26 April 2020 18:24:27 PM

++++++++++++++++++++++++++++++++++++++++++++++++++++++++++++++++++++++++++++++++++++++++++++++++++++++++++++++++++++++++++++++++

=======================================================================================================================================================
   RowNo_4:ColumnNo_10_____phone 1 must be 10 digit only____________Time:Sunday, 26 April 2020 18:24:27 PM

++++++++++++++++++++++++++++++++++++++++++++++++++++++++++++++++++++++++++++++++++++++++++++++++++++++++++++++++++++++++++++++++
   RowNo_4:ColumnNo_4_____CUST ID must be numeric____________Time:Sunday, 26 April 2020 18:24:27 PM

++++++++++++++++++++++++++++++++++++++++++++++++++++++++++++++++++++++++++++++++++++++++++++++++++++++++++++++++++++++++++++++++

=======================================================================================================================================================
   RowNo_5:ColumnNo_10_____phone 1 must be 10 digit only____________Time:Sunday, 26 April 2020 18:24:27 PM

++++++++++++++++++++++++++++++++++++++++++++++++++++++++++++++++++++++++++++++++++++++++++++++++++++++++++++++++++++++++++++++++
   RowNo_5:ColumnNo_34_____Contact no must be 10 digit only____________Time:Sunday, 26 April 2020 18:24:27 PM

++++++++++++++++++++++++++++++++++++++++++++++++++++++++++++++++++++++++++++++++++++++++++++++++++++++++++++++++++++++++++++++++

=======================================================================================================================================================
   RowNo_7:ColumnNo_10_____phone 1 must be 10 digit only____________Time:Sunday, 26 April 2020 18:24:27 PM

++++++++++++++++++++++++++++++++++++++++++++++++++++++++++++++++++++++++++++++++++++++++++++++++++++++++++++++++++++++++++++++++

=======================================================================================================================================================
   RowNo_8:ColumnNo_10_____phone 1 must be 10 digit only____________Time:Sunday, 26 April 2020 18:24:27 PM

++++++++++++++++++++++++++++++++++++++++++++++++++++++++++++++++++++++++++++++++++++++++++++++++++++++++++++++++++++++++++++++++
   RowNo_1:ColumnNo_14_____Guarantor Mobile No#_Additional Header Column Added____________Time:Sunday, 26 April 2020 18:27:50 PM

++++++++++++++++++++++++++++++++++++++++++++++++++++++++++++++++++++++++++++++++++++++++++++++++++++++++++++++++++++++++++++++++
   RowNo_1:ColumnNo_14_____Guarantor Mno_Missing Header Column____________Time:Sunday, 26 April 2020 18:27:50 PM

++++++++++++++++++++++++++++++++++++++++++++++++++++++++++++++++++++++++++++++++++++++++++++++++++++++++++++++++++++++++++++++++

=======================================================================================================================================================
   RowNo_3:ColumnNo_10_____phone 1 must be 10 digit only____________Time:Sunday, 26 April 2020 18:27:50 PM

++++++++++++++++++++++++++++++++++++++++++++++++++++++++++++++++++++++++++++++++++++++++++++++++++++++++++++++++++++++++++++++++

=======================================================================================================================================================
   RowNo_4:ColumnNo_10_____phone 1 must be 10 digit only____________Time:Sunday, 26 April 2020 18:27:50 PM

++++++++++++++++++++++++++++++++++++++++++++++++++++++++++++++++++++++++++++++++++++++++++++++++++++++++++++++++++++++++++++++++
   RowNo_4:ColumnNo_4_____CUST ID must be numeric____________Time:Sunday, 26 April 2020 18:27:50 PM

++++++++++++++++++++++++++++++++++++++++++++++++++++++++++++++++++++++++++++++++++++++++++++++++++++++++++++++++++++++++++++++++

=======================================================================================================================================================
   RowNo_5:ColumnNo_10_____phone 1 must be 10 digit only____________Time:Sunday, 26 April 2020 18:27:50 PM

++++++++++++++++++++++++++++++++++++++++++++++++++++++++++++++++++++++++++++++++++++++++++++++++++++++++++++++++++++++++++++++++
   RowNo_5:ColumnNo_34_____Contact no must be 10 digit only____________Time:Sunday, 26 April 2020 18:27:50 PM

++++++++++++++++++++++++++++++++++++++++++++++++++++++++++++++++++++++++++++++++++++++++++++++++++++++++++++++++++++++++++++++++

=======================================================================================================================================================
   RowNo_7:ColumnNo_10_____phone 1 must be 10 digit only____________Time:Sunday, 26 April 2020 18:27:50 PM

++++++++++++++++++++++++++++++++++++++++++++++++++++++++++++++++++++++++++++++++++++++++++++++++++++++++++++++++++++++++++++++++

=======================================================================================================================================================
   RowNo_8:ColumnNo_10_____phone 1 must be 10 digit only____________Time:Sunday, 26 April 2020 18:27:50 PM

++++++++++++++++++++++++++++++++++++++++++++++++++++++++++++++++++++++++++++++++++++++++++++++++++++++++++++++++++++++++++++++++
   RowNo_1:ColumnNo_14_____Guarantor Mobile No#_Additional Header Column Added____________Time:Sunday, 26 April 2020 18:29:27 PM

++++++++++++++++++++++++++++++++++++++++++++++++++++++++++++++++++++++++++++++++++++++++++++++++++++++++++++++++++++++++++++++++
   RowNo_1:ColumnNo_14_____Guarantor Mno_Missing Header Column____________Time:Sunday, 26 April 2020 18:29:27 PM

++++++++++++++++++++++++++++++++++++++++++++++++++++++++++++++++++++++++++++++++++++++++++++++++++++++++++++++++++++++++++++++++

=======================================================================================================================================================
   RowNo_3:ColumnNo_10_____phone 1 must be 10 digit only____________Time:Sunday, 26 April 2020 18:29:27 PM

++++++++++++++++++++++++++++++++++++++++++++++++++++++++++++++++++++++++++++++++++++++++++++++++++++++++++++++++++++++++++++++++

=======================================================================================================================================================
   RowNo_4:ColumnNo_10_____phone 1 must be 10 digit only____________Time:Sunday, 26 April 2020 18:29:27 PM

++++++++++++++++++++++++++++++++++++++++++++++++++++++++++++++++++++++++++++++++++++++++++++++++++++++++++++++++++++++++++++++++
   RowNo_4:ColumnNo_4_____CUST ID must be numeric____________Time:Sunday, 26 April 2020 18:29:27 PM

++++++++++++++++++++++++++++++++++++++++++++++++++++++++++++++++++++++++++++++++++++++++++++++++++++++++++++++++++++++++++++++++

=======================================================================================================================================================
   RowNo_5:ColumnNo_10_____phone 1 must be 10 digit only____________Time:Sunday, 26 April 2020 18:29:27 PM

++++++++++++++++++++++++++++++++++++++++++++++++++++++++++++++++++++++++++++++++++++++++++++++++++++++++++++++++++++++++++++++++
   RowNo_5:ColumnNo_34_____Contact no must be 10 digit only____________Time:Sunday, 26 April 2020 18:29:27 PM

++++++++++++++++++++++++++++++++++++++++++++++++++++++++++++++++++++++++++++++++++++++++++++++++++++++++++++++++++++++++++++++++

=======================================================================================================================================================
   RowNo_7:ColumnNo_10_____phone 1 must be 10 digit only____________Time:Sunday, 26 April 2020 18:29:27 PM

++++++++++++++++++++++++++++++++++++++++++++++++++++++++++++++++++++++++++++++++++++++++++++++++++++++++++++++++++++++++++++++++

=======================================================================================================================================================
   RowNo_8:ColumnNo_10_____phone 1 must be 10 digit only____________Time:Sunday, 26 April 2020 18:29:27 PM

++++++++++++++++++++++++++++++++++++++++++++++++++++++++++++++++++++++++++++++++++++++++++++++++++++++++++++++++++++++++++++++++
   RowNo_1:ColumnNo_14_____Guarantor Mobile No#_Additional Header Column Added____________Time:Sunday, 26 April 2020 18:30:34 PM

++++++++++++++++++++++++++++++++++++++++++++++++++++++++++++++++++++++++++++++++++++++++++++++++++++++++++++++++++++++++++++++++
   RowNo_1:ColumnNo_14_____Guarantor Mno_Missing Header Column____________Time:Sunday, 26 April 2020 18:30:34 PM

++++++++++++++++++++++++++++++++++++++++++++++++++++++++++++++++++++++++++++++++++++++++++++++++++++++++++++++++++++++++++++++++

=======================================================================================================================================================
   RowNo_3:ColumnNo_10_____phone 1 must be 10 digit only____________Time:Sunday, 26 April 2020 18:30:34 PM

++++++++++++++++++++++++++++++++++++++++++++++++++++++++++++++++++++++++++++++++++++++++++++++++++++++++++++++++++++++++++++++++

=======================================================================================================================================================
   RowNo_4:ColumnNo_10_____phone 1 must be 10 digit only____________Time:Sunday, 26 April 2020 18:30:34 PM

++++++++++++++++++++++++++++++++++++++++++++++++++++++++++++++++++++++++++++++++++++++++++++++++++++++++++++++++++++++++++++++++
   RowNo_4:ColumnNo_4_____CUST ID must be numeric____________Time:Sunday, 26 April 2020 18:30:34 PM

++++++++++++++++++++++++++++++++++++++++++++++++++++++++++++++++++++++++++++++++++++++++++++++++++++++++++++++++++++++++++++++++

=======================================================================================================================================================
   RowNo_5:ColumnNo_10_____phone 1 must be 10 digit only____________Time:Sunday, 26 April 2020 18:30:34 PM

++++++++++++++++++++++++++++++++++++++++++++++++++++++++++++++++++++++++++++++++++++++++++++++++++++++++++++++++++++++++++++++++
   RowNo_5:ColumnNo_34_____Contact no must be 10 digit only____________Time:Sunday, 26 April 2020 18:30:34 PM

++++++++++++++++++++++++++++++++++++++++++++++++++++++++++++++++++++++++++++++++++++++++++++++++++++++++++++++++++++++++++++++++

=======================================================================================================================================================
   RowNo_7:ColumnNo_10_____phone 1 must be 10 digit only____________Time:Sunday, 26 April 2020 18:30:34 PM

++++++++++++++++++++++++++++++++++++++++++++++++++++++++++++++++++++++++++++++++++++++++++++++++++++++++++++++++++++++++++++++++

=======================================================================================================================================================
   RowNo_8:ColumnNo_10_____phone 1 must be 10 digit only____________Time:Sunday, 26 April 2020 18:30:34 PM

++++++++++++++++++++++++++++++++++++++++++++++++++++++++++++++++++++++++++++++++++++++++++++++++++++++++++++++++++++++++++++++++
   RowNo_1:ColumnNo_14_____Guarantor Mobile No#_Additional Header Column Added____________Time:Sunday, 26 April 2020 18:33:28 PM

++++++++++++++++++++++++++++++++++++++++++++++++++++++++++++++++++++++++++++++++++++++++++++++++++++++++++++++++++++++++++++++++
   RowNo_1:ColumnNo_14_____Guarantor Mno_Missing Header Column____________Time:Sunday, 26 April 2020 18:33:28 PM

++++++++++++++++++++++++++++++++++++++++++++++++++++++++++++++++++++++++++++++++++++++++++++++++++++++++++++++++++++++++++++++++

=======================================================================================================================================================
   RowNo_3:ColumnNo_10_____phone 1 must be 10 digit only____________Time:Sunday, 26 April 2020 18:33:28 PM

++++++++++++++++++++++++++++++++++++++++++++++++++++++++++++++++++++++++++++++++++++++++++++++++++++++++++++++++++++++++++++++++

=======================================================================================================================================================
   RowNo_4:ColumnNo_10_____phone 1 must be 10 digit only____________Time:Sunday, 26 April 2020 18:33:28 PM

++++++++++++++++++++++++++++++++++++++++++++++++++++++++++++++++++++++++++++++++++++++++++++++++++++++++++++++++++++++++++++++++
   RowNo_4:ColumnNo_4_____CUST ID must be numeric____________Time:Sunday, 26 April 2020 18:33:28 PM

++++++++++++++++++++++++++++++++++++++++++++++++++++++++++++++++++++++++++++++++++++++++++++++++++++++++++++++++++++++++++++++++

=======================================================================================================================================================
   RowNo_5:ColumnNo_10_____phone 1 must be 10 digit only____________Time:Sunday, 26 April 2020 18:33:28 PM

++++++++++++++++++++++++++++++++++++++++++++++++++++++++++++++++++++++++++++++++++++++++++++++++++++++++++++++++++++++++++++++++
   RowNo_5:ColumnNo_34_____Contact no must be 10 digit only____________Time:Sunday, 26 April 2020 18:33:28 PM

++++++++++++++++++++++++++++++++++++++++++++++++++++++++++++++++++++++++++++++++++++++++++++++++++++++++++++++++++++++++++++++++

=======================================================================================================================================================
   RowNo_7:ColumnNo_10_____phone 1 must be 10 digit only____________Time:Sunday, 26 April 2020 18:33:28 PM

++++++++++++++++++++++++++++++++++++++++++++++++++++++++++++++++++++++++++++++++++++++++++++++++++++++++++++++++++++++++++++++++

=======================================================================================================================================================
   RowNo_8:ColumnNo_10_____phone 1 must be 10 digit only____________Time:Sunday, 26 April 2020 18:33:28 PM

++++++++++++++++++++++++++++++++++++++++++++++++++++++++++++++++++++++++++++++++++++++++++++++++++++++++++++++++++++++++++++++++
   RowNo_1:ColumnNo_14_____Guarantor Mobile No#_Additional Header Column Added____________Time:Sunday, 26 April 2020 18:36:43 PM

++++++++++++++++++++++++++++++++++++++++++++++++++++++++++++++++++++++++++++++++++++++++++++++++++++++++++++++++++++++++++++++++
   RowNo_1:ColumnNo_14_____Guarantor Mno_Missing Header Column____________Time:Sunday, 26 April 2020 18:36:43 PM

++++++++++++++++++++++++++++++++++++++++++++++++++++++++++++++++++++++++++++++++++++++++++++++++++++++++++++++++++++++++++++++++

=======================================================================================================================================================
   RowNo_3:ColumnNo_10_____phone 1 must be 10 digit only____________Time:Sunday, 26 April 2020 18:36:43 PM

++++++++++++++++++++++++++++++++++++++++++++++++++++++++++++++++++++++++++++++++++++++++++++++++++++++++++++++++++++++++++++++++

=======================================================================================================================================================
   RowNo_4:ColumnNo_10_____phone 1 must be 10 digit only____________Time:Sunday, 26 April 2020 18:36:43 PM

++++++++++++++++++++++++++++++++++++++++++++++++++++++++++++++++++++++++++++++++++++++++++++++++++++++++++++++++++++++++++++++++
   RowNo_4:ColumnNo_4_____CUST ID must be numeric____________Time:Sunday, 26 April 2020 18:36:43 PM

++++++++++++++++++++++++++++++++++++++++++++++++++++++++++++++++++++++++++++++++++++++++++++++++++++++++++++++++++++++++++++++++

=======================================================================================================================================================
   RowNo_5:ColumnNo_10_____phone 1 must be 10 digit only____________Time:Sunday, 26 April 2020 18:36:43 PM

++++++++++++++++++++++++++++++++++++++++++++++++++++++++++++++++++++++++++++++++++++++++++++++++++++++++++++++++++++++++++++++++
   RowNo_5:ColumnNo_34_____Contact no must be 10 digit only____________Time:Sunday, 26 April 2020 18:36:43 PM

++++++++++++++++++++++++++++++++++++++++++++++++++++++++++++++++++++++++++++++++++++++++++++++++++++++++++++++++++++++++++++++++

=======================================================================================================================================================
   RowNo_7:ColumnNo_10_____phone 1 must be 10 digit only____________Time:Sunday, 26 April 2020 18:36:43 PM

++++++++++++++++++++++++++++++++++++++++++++++++++++++++++++++++++++++++++++++++++++++++++++++++++++++++++++++++++++++++++++++++

=======================================================================================================================================================
   RowNo_8:ColumnNo_10_____phone 1 must be 10 digit only____________Time:Sunday, 26 April 2020 18:36:43 PM

++++++++++++++++++++++++++++++++++++++++++++++++++++++++++++++++++++++++++++++++++++++++++++++++++++++++++++++++++++++++++++++++
   RowNo_1:ColumnNo_14_____Guarantor Mobile No#_Additional Header Column Added____________Time:Sunday, 26 April 2020 18:41:42 PM

++++++++++++++++++++++++++++++++++++++++++++++++++++++++++++++++++++++++++++++++++++++++++++++++++++++++++++++++++++++++++++++++
   RowNo_1:ColumnNo_14_____Guarantor Mno_Missing Header Column____________Time:Sunday, 26 April 2020 18:41:42 PM

++++++++++++++++++++++++++++++++++++++++++++++++++++++++++++++++++++++++++++++++++++++++++++++++++++++++++++++++++++++++++++++++

=======================================================================================================================================================
   RowNo_3:ColumnNo_10_____phone 1 must be 10 digit only____________Time:Sunday, 26 April 2020 18:41:42 PM

++++++++++++++++++++++++++++++++++++++++++++++++++++++++++++++++++++++++++++++++++++++++++++++++++++++++++++++++++++++++++++++++

=======================================================================================================================================================
   RowNo_4:ColumnNo_10_____phone 1 must be 10 digit only____________Time:Sunday, 26 April 2020 18:41:42 PM

++++++++++++++++++++++++++++++++++++++++++++++++++++++++++++++++++++++++++++++++++++++++++++++++++++++++++++++++++++++++++++++++
   RowNo_4:ColumnNo_4_____CUST ID must be numeric____________Time:Sunday, 26 April 2020 18:41:42 PM

++++++++++++++++++++++++++++++++++++++++++++++++++++++++++++++++++++++++++++++++++++++++++++++++++++++++++++++++++++++++++++++++

=======================================================================================================================================================
   RowNo_5:ColumnNo_10_____phone 1 must be 10 digit only____________Time:Sunday, 26 April 2020 18:41:42 PM

++++++++++++++++++++++++++++++++++++++++++++++++++++++++++++++++++++++++++++++++++++++++++++++++++++++++++++++++++++++++++++++++
   RowNo_5:ColumnNo_34_____Contact no must be 10 digit only____________Time:Sunday, 26 April 2020 18:41:42 PM

++++++++++++++++++++++++++++++++++++++++++++++++++++++++++++++++++++++++++++++++++++++++++++++++++++++++++++++++++++++++++++++++

=======================================================================================================================================================
   RowNo_7:ColumnNo_10_____phone 1 must be 10 digit only____________Time:Sunday, 26 April 2020 18:41:42 PM

++++++++++++++++++++++++++++++++++++++++++++++++++++++++++++++++++++++++++++++++++++++++++++++++++++++++++++++++++++++++++++++++

=======================================================================================================================================================
   RowNo_8:ColumnNo_10_____phone 1 must be 10 digit only____________Time:Sunday, 26 April 2020 18:41:42 PM

++++++++++++++++++++++++++++++++++++++++++++++++++++++++++++++++++++++++++++++++++++++++++++++++++++++++++++++++++++++++++++++++
   RowNo_1:ColumnNo_14_____Guarantor Mobile No#_Additional Header Column Added____________Time:Sunday, 26 April 2020 18:42:15 PM

++++++++++++++++++++++++++++++++++++++++++++++++++++++++++++++++++++++++++++++++++++++++++++++++++++++++++++++++++++++++++++++++
   RowNo_1:ColumnNo_14_____Guarantor Mno_Missing Header Column____________Time:Sunday, 26 April 2020 18:42:15 PM

++++++++++++++++++++++++++++++++++++++++++++++++++++++++++++++++++++++++++++++++++++++++++++++++++++++++++++++++++++++++++++++++

=======================================================================================================================================================
   RowNo_3:ColumnNo_10_____phone 1 must be 10 digit only____________Time:Sunday, 26 April 2020 18:42:15 PM

++++++++++++++++++++++++++++++++++++++++++++++++++++++++++++++++++++++++++++++++++++++++++++++++++++++++++++++++++++++++++++++++

=======================================================================================================================================================
   RowNo_4:ColumnNo_10_____phone 1 must be 10 digit only____________Time:Sunday, 26 April 2020 18:42:15 PM

++++++++++++++++++++++++++++++++++++++++++++++++++++++++++++++++++++++++++++++++++++++++++++++++++++++++++++++++++++++++++++++++
   RowNo_4:ColumnNo_4_____CUST ID must be numeric____________Time:Sunday, 26 April 2020 18:42:15 PM

++++++++++++++++++++++++++++++++++++++++++++++++++++++++++++++++++++++++++++++++++++++++++++++++++++++++++++++++++++++++++++++++

=======================================================================================================================================================
   RowNo_5:ColumnNo_10_____phone 1 must be 10 digit only____________Time:Sunday, 26 April 2020 18:42:15 PM

++++++++++++++++++++++++++++++++++++++++++++++++++++++++++++++++++++++++++++++++++++++++++++++++++++++++++++++++++++++++++++++++
   RowNo_5:ColumnNo_34_____Contact no must be 10 digit only____________Time:Sunday, 26 April 2020 18:42:15 PM

++++++++++++++++++++++++++++++++++++++++++++++++++++++++++++++++++++++++++++++++++++++++++++++++++++++++++++++++++++++++++++++++

=======================================================================================================================================================
   RowNo_7:ColumnNo_10_____phone 1 must be 10 digit only____________Time:Sunday, 26 April 2020 18:42:15 PM

++++++++++++++++++++++++++++++++++++++++++++++++++++++++++++++++++++++++++++++++++++++++++++++++++++++++++++++++++++++++++++++++

=======================================================================================================================================================
   RowNo_8:ColumnNo_10_____phone 1 must be 10 digit only____________Time:Sunday, 26 April 2020 18:42:15 PM

++++++++++++++++++++++++++++++++++++++++++++++++++++++++++++++++++++++++++++++++++++++++++++++++++++++++++++++++++++++++++++++++
   RowNo_1:ColumnNo_14_____Guarantor Mobile No#_Additional Header Column Added____________Time:Sunday, 26 April 2020 18:43:59 PM

++++++++++++++++++++++++++++++++++++++++++++++++++++++++++++++++++++++++++++++++++++++++++++++++++++++++++++++++++++++++++++++++
   RowNo_1:ColumnNo_14_____Guarantor Mno_Missing Header Column____________Time:Sunday, 26 April 2020 18:43:59 PM

++++++++++++++++++++++++++++++++++++++++++++++++++++++++++++++++++++++++++++++++++++++++++++++++++++++++++++++++++++++++++++++++

=======================================================================================================================================================
   RowNo_3:ColumnNo_10_____phone 1 must be 10 digit only____________Time:Sunday, 26 April 2020 18:43:59 PM

++++++++++++++++++++++++++++++++++++++++++++++++++++++++++++++++++++++++++++++++++++++++++++++++++++++++++++++++++++++++++++++++

=======================================================================================================================================================
   RowNo_4:ColumnNo_10_____phone 1 must be 10 digit only____________Time:Sunday, 26 April 2020 18:43:59 PM

++++++++++++++++++++++++++++++++++++++++++++++++++++++++++++++++++++++++++++++++++++++++++++++++++++++++++++++++++++++++++++++++
   RowNo_4:ColumnNo_4_____CUST ID must be numeric____________Time:Sunday, 26 April 2020 18:43:59 PM

++++++++++++++++++++++++++++++++++++++++++++++++++++++++++++++++++++++++++++++++++++++++++++++++++++++++++++++++++++++++++++++++

=======================================================================================================================================================
   RowNo_5:ColumnNo_10_____phone 1 must be 10 digit only____________Time:Sunday, 26 April 2020 18:43:59 PM

++++++++++++++++++++++++++++++++++++++++++++++++++++++++++++++++++++++++++++++++++++++++++++++++++++++++++++++++++++++++++++++++
   RowNo_5:ColumnNo_34_____Contact no must be 10 digit only____________Time:Sunday, 26 April 2020 18:43:59 PM

++++++++++++++++++++++++++++++++++++++++++++++++++++++++++++++++++++++++++++++++++++++++++++++++++++++++++++++++++++++++++++++++

=======================================================================================================================================================
   RowNo_7:ColumnNo_10_____phone 1 must be 10 digit only____________Time:Sunday, 26 April 2020 18:43:59 PM

++++++++++++++++++++++++++++++++++++++++++++++++++++++++++++++++++++++++++++++++++++++++++++++++++++++++++++++++++++++++++++++++

=======================================================================================================================================================
   RowNo_8:ColumnNo_10_____phone 1 must be 10 digit only____________Time:Sunday, 26 April 2020 18:43:59 PM

++++++++++++++++++++++++++++++++++++++++++++++++++++++++++++++++++++++++++++++++++++++++++++++++++++++++++++++++++++++++++++++++
   RowNo_1:ColumnNo_14_____Guarantor Mobile No#_Additional Header Column Added____________Time:Sunday, 26 April 2020 18:55:05 PM

++++++++++++++++++++++++++++++++++++++++++++++++++++++++++++++++++++++++++++++++++++++++++++++++++++++++++++++++++++++++++++++++
   RowNo_1:ColumnNo_14_____Guarantor Mno_Missing Header Column____________Time:Sunday, 26 April 2020 18:55:05 PM

++++++++++++++++++++++++++++++++++++++++++++++++++++++++++++++++++++++++++++++++++++++++++++++++++++++++++++++++++++++++++++++++

=======================================================================================================================================================
   RowNo_3:ColumnNo_10_____phone 1 must be 10 digit only____________Time:Sunday, 26 April 2020 18:55:05 PM

++++++++++++++++++++++++++++++++++++++++++++++++++++++++++++++++++++++++++++++++++++++++++++++++++++++++++++++++++++++++++++++++

=======================================================================================================================================================
   RowNo_4:ColumnNo_10_____phone 1 must be 10 digit only____________Time:Sunday, 26 April 2020 18:55:05 PM

++++++++++++++++++++++++++++++++++++++++++++++++++++++++++++++++++++++++++++++++++++++++++++++++++++++++++++++++++++++++++++++++
   RowNo_4:ColumnNo_4_____CUST ID must be numeric____________Time:Sunday, 26 April 2020 18:55:05 PM

++++++++++++++++++++++++++++++++++++++++++++++++++++++++++++++++++++++++++++++++++++++++++++++++++++++++++++++++++++++++++++++++

=======================================================================================================================================================
   RowNo_5:ColumnNo_10_____phone 1 must be 10 digit only____________Time:Sunday, 26 April 2020 18:55:05 PM

++++++++++++++++++++++++++++++++++++++++++++++++++++++++++++++++++++++++++++++++++++++++++++++++++++++++++++++++++++++++++++++++
   RowNo_5:ColumnNo_34_____Contact no must be 10 digit only____________Time:Sunday, 26 April 2020 18:55:05 PM

++++++++++++++++++++++++++++++++++++++++++++++++++++++++++++++++++++++++++++++++++++++++++++++++++++++++++++++++++++++++++++++++

=======================================================================================================================================================
   RowNo_7:ColumnNo_10_____phone 1 must be 10 digit only____________Time:Sunday, 26 April 2020 18:55:05 PM

++++++++++++++++++++++++++++++++++++++++++++++++++++++++++++++++++++++++++++++++++++++++++++++++++++++++++++++++++++++++++++++++

=======================================================================================================================================================
   RowNo_8:ColumnNo_10_____phone 1 must be 10 digit only____________Time:Sunday, 26 April 2020 18:55:05 PM

++++++++++++++++++++++++++++++++++++++++++++++++++++++++++++++++++++++++++++++++++++++++++++++++++++++++++++++++++++++++++++++++
   RowNo_1:ColumnNo_14_____Guarantor Mobile No#_Additional Header Column Added____________Time:Sunday, 26 April 2020 19:27:10 PM

++++++++++++++++++++++++++++++++++++++++++++++++++++++++++++++++++++++++++++++++++++++++++++++++++++++++++++++++++++++++++++++++
   RowNo_1:ColumnNo_14_____Guarantor Mno_Missing Header Column____________Time:Sunday, 26 April 2020 19:27:10 PM

++++++++++++++++++++++++++++++++++++++++++++++++++++++++++++++++++++++++++++++++++++++++++++++++++++++++++++++++++++++++++++++++

=======================================================================================================================================================
   RowNo_3:ColumnNo_10_____phone 1 must be 10 digit only____________Time:Sunday, 26 April 2020 19:27:10 PM

++++++++++++++++++++++++++++++++++++++++++++++++++++++++++++++++++++++++++++++++++++++++++++++++++++++++++++++++++++++++++++++++

=======================================================================================================================================================
   RowNo_4:ColumnNo_10_____phone 1 must be 10 digit only____________Time:Sunday, 26 April 2020 19:27:10 PM

++++++++++++++++++++++++++++++++++++++++++++++++++++++++++++++++++++++++++++++++++++++++++++++++++++++++++++++++++++++++++++++++
   RowNo_4:ColumnNo_4_____CUST ID must be numeric____________Time:Sunday, 26 April 2020 19:27:10 PM

++++++++++++++++++++++++++++++++++++++++++++++++++++++++++++++++++++++++++++++++++++++++++++++++++++++++++++++++++++++++++++++++

=======================================================================================================================================================
   RowNo_5:ColumnNo_10_____phone 1 must be 10 digit only____________Time:Sunday, 26 April 2020 19:27:10 PM

++++++++++++++++++++++++++++++++++++++++++++++++++++++++++++++++++++++++++++++++++++++++++++++++++++++++++++++++++++++++++++++++
   RowNo_5:ColumnNo_34_____Contact no must be 10 digit only____________Time:Sunday, 26 April 2020 19:27:10 PM

++++++++++++++++++++++++++++++++++++++++++++++++++++++++++++++++++++++++++++++++++++++++++++++++++++++++++++++++++++++++++++++++

=======================================================================================================================================================
   RowNo_7:ColumnNo_10_____phone 1 must be 10 digit only____________Time:Sunday, 26 April 2020 19:27:10 PM

++++++++++++++++++++++++++++++++++++++++++++++++++++++++++++++++++++++++++++++++++++++++++++++++++++++++++++++++++++++++++++++++

=======================================================================================================================================================
   RowNo_8:ColumnNo_10_____phone 1 must be 10 digit only____________Time:Sunday, 26 April 2020 19:27:10 PM

++++++++++++++++++++++++++++++++++++++++++++++++++++++++++++++++++++++++++++++++++++++++++++++++++++++++++++++++++++++++++++++++
   RowNo_1:ColumnNo_14_____Guarantor Mobile No#_Additional Header Column Added____________Time:Sunday, 26 April 2020 19:28:23 PM

++++++++++++++++++++++++++++++++++++++++++++++++++++++++++++++++++++++++++++++++++++++++++++++++++++++++++++++++++++++++++++++++
   RowNo_1:ColumnNo_14_____Guarantor Mno_Missing Header Column____________Time:Sunday, 26 April 2020 19:28:23 PM

++++++++++++++++++++++++++++++++++++++++++++++++++++++++++++++++++++++++++++++++++++++++++++++++++++++++++++++++++++++++++++++++

=======================================================================================================================================================
   RowNo_3:ColumnNo_10_____phone 1 must be 10 digit only____________Time:Sunday, 26 April 2020 19:28:23 PM

++++++++++++++++++++++++++++++++++++++++++++++++++++++++++++++++++++++++++++++++++++++++++++++++++++++++++++++++++++++++++++++++

=======================================================================================================================================================
   RowNo_4:ColumnNo_10_____phone 1 must be 10 digit only____________Time:Sunday, 26 April 2020 19:28:23 PM

++++++++++++++++++++++++++++++++++++++++++++++++++++++++++++++++++++++++++++++++++++++++++++++++++++++++++++++++++++++++++++++++
   RowNo_4:ColumnNo_4_____CUST ID must be numeric____________Time:Sunday, 26 April 2020 19:28:23 PM

++++++++++++++++++++++++++++++++++++++++++++++++++++++++++++++++++++++++++++++++++++++++++++++++++++++++++++++++++++++++++++++++

=======================================================================================================================================================
   RowNo_5:ColumnNo_10_____phone 1 must be 10 digit only____________Time:Sunday, 26 April 2020 19:28:23 PM

++++++++++++++++++++++++++++++++++++++++++++++++++++++++++++++++++++++++++++++++++++++++++++++++++++++++++++++++++++++++++++++++
   RowNo_5:ColumnNo_34_____Contact no must be 10 digit only____________Time:Sunday, 26 April 2020 19:28:23 PM

++++++++++++++++++++++++++++++++++++++++++++++++++++++++++++++++++++++++++++++++++++++++++++++++++++++++++++++++++++++++++++++++

=======================================================================================================================================================
   RowNo_7:ColumnNo_10_____phone 1 must be 10 digit only____________Time:Sunday, 26 April 2020 19:28:23 PM

++++++++++++++++++++++++++++++++++++++++++++++++++++++++++++++++++++++++++++++++++++++++++++++++++++++++++++++++++++++++++++++++

=======================================================================================================================================================
   RowNo_8:ColumnNo_10_____phone 1 must be 10 digit only____________Time:Sunday, 26 April 2020 19:28:23 PM

++++++++++++++++++++++++++++++++++++++++++++++++++++++++++++++++++++++++++++++++++++++++++++++++++++++++++++++++++++++++++++++++
   RowNo_1:ColumnNo_14_____Guarantor Mobile No#_Additional Header Column Added____________Time:Sunday, 26 April 2020 19:33:44 PM

++++++++++++++++++++++++++++++++++++++++++++++++++++++++++++++++++++++++++++++++++++++++++++++++++++++++++++++++++++++++++++++++
   RowNo_1:ColumnNo_14_____Guarantor Mno_Missing Header Column____________Time:Sunday, 26 April 2020 19:33:44 PM

++++++++++++++++++++++++++++++++++++++++++++++++++++++++++++++++++++++++++++++++++++++++++++++++++++++++++++++++++++++++++++++++

=======================================================================================================================================================
   RowNo_3:ColumnNo_10_____phone 1 must be 10 digit only____________Time:Sunday, 26 April 2020 19:33:44 PM

++++++++++++++++++++++++++++++++++++++++++++++++++++++++++++++++++++++++++++++++++++++++++++++++++++++++++++++++++++++++++++++++

=======================================================================================================================================================
   RowNo_4:ColumnNo_10_____phone 1 must be 10 digit only____________Time:Sunday, 26 April 2020 19:33:44 PM

++++++++++++++++++++++++++++++++++++++++++++++++++++++++++++++++++++++++++++++++++++++++++++++++++++++++++++++++++++++++++++++++
   RowNo_4:ColumnNo_4_____CUST ID must be numeric____________Time:Sunday, 26 April 2020 19:33:44 PM

++++++++++++++++++++++++++++++++++++++++++++++++++++++++++++++++++++++++++++++++++++++++++++++++++++++++++++++++++++++++++++++++

=======================================================================================================================================================
   RowNo_5:ColumnNo_10_____phone 1 must be 10 digit only____________Time:Sunday, 26 April 2020 19:33:44 PM

++++++++++++++++++++++++++++++++++++++++++++++++++++++++++++++++++++++++++++++++++++++++++++++++++++++++++++++++++++++++++++++++
   RowNo_5:ColumnNo_34_____Contact no must be 10 digit only____________Time:Sunday, 26 April 2020 19:33:44 PM

++++++++++++++++++++++++++++++++++++++++++++++++++++++++++++++++++++++++++++++++++++++++++++++++++++++++++++++++++++++++++++++++

=======================================================================================================================================================
   RowNo_7:ColumnNo_10_____phone 1 must be 10 digit only____________Time:Sunday, 26 April 2020 19:33:44 PM

++++++++++++++++++++++++++++++++++++++++++++++++++++++++++++++++++++++++++++++++++++++++++++++++++++++++++++++++++++++++++++++++

=======================================================================================================================================================
   RowNo_8:ColumnNo_10_____phone 1 must be 10 digit only____________Time:Sunday, 26 April 2020 19:33:44 PM

++++++++++++++++++++++++++++++++++++++++++++++++++++++++++++++++++++++++++++++++++++++++++++++++++++++++++++++++++++++++++++++++
   RowNo_1:ColumnNo_14_____Guarantor Mobile No#_Additional Header Column Added____________Time:Sunday, 26 April 2020 19:36:16 PM

++++++++++++++++++++++++++++++++++++++++++++++++++++++++++++++++++++++++++++++++++++++++++++++++++++++++++++++++++++++++++++++++
   RowNo_1:ColumnNo_14_____Guarantor Mno_Missing Header Column____________Time:Sunday, 26 April 2020 19:36:16 PM

++++++++++++++++++++++++++++++++++++++++++++++++++++++++++++++++++++++++++++++++++++++++++++++++++++++++++++++++++++++++++++++++

=======================================================================================================================================================
   RowNo_3:ColumnNo_10_____phone 1 must be 10 digit only____________Time:Sunday, 26 April 2020 19:36:16 PM

++++++++++++++++++++++++++++++++++++++++++++++++++++++++++++++++++++++++++++++++++++++++++++++++++++++++++++++++++++++++++++++++

=======================================================================================================================================================
   RowNo_4:ColumnNo_10_____phone 1 must be 10 digit only____________Time:Sunday, 26 April 2020 19:36:16 PM

++++++++++++++++++++++++++++++++++++++++++++++++++++++++++++++++++++++++++++++++++++++++++++++++++++++++++++++++++++++++++++++++
   RowNo_4:ColumnNo_4_____CUST ID must be numeric____________Time:Sunday, 26 April 2020 19:36:16 PM

++++++++++++++++++++++++++++++++++++++++++++++++++++++++++++++++++++++++++++++++++++++++++++++++++++++++++++++++++++++++++++++++

=======================================================================================================================================================
   RowNo_5:ColumnNo_10_____phone 1 must be 10 digit only____________Time:Sunday, 26 April 2020 19:36:16 PM

++++++++++++++++++++++++++++++++++++++++++++++++++++++++++++++++++++++++++++++++++++++++++++++++++++++++++++++++++++++++++++++++
   RowNo_5:ColumnNo_34_____Contact no must be 10 digit only____________Time:Sunday, 26 April 2020 19:36:16 PM

++++++++++++++++++++++++++++++++++++++++++++++++++++++++++++++++++++++++++++++++++++++++++++++++++++++++++++++++++++++++++++++++

=======================================================================================================================================================
   RowNo_7:ColumnNo_10_____phone 1 must be 10 digit only____________Time:Sunday, 26 April 2020 19:36:16 PM

++++++++++++++++++++++++++++++++++++++++++++++++++++++++++++++++++++++++++++++++++++++++++++++++++++++++++++++++++++++++++++++++

=======================================================================================================================================================
   RowNo_8:ColumnNo_10_____phone 1 must be 10 digit only____________Time:Sunday, 26 April 2020 19:36:16 PM

++++++++++++++++++++++++++++++++++++++++++++++++++++++++++++++++++++++++++++++++++++++++++++++++++++++++++++++++++++++++++++++++
   RowNo_1:ColumnNo_14_____Guarantor Mobile No#_Additional Header Column Added____________Time:Sunday, 26 April 2020 19:38:17 PM

++++++++++++++++++++++++++++++++++++++++++++++++++++++++++++++++++++++++++++++++++++++++++++++++++++++++++++++++++++++++++++++++
   RowNo_1:ColumnNo_14_____Guarantor Mno_Missing Header Column____________Time:Sunday, 26 April 2020 19:38:17 PM

++++++++++++++++++++++++++++++++++++++++++++++++++++++++++++++++++++++++++++++++++++++++++++++++++++++++++++++++++++++++++++++++

=======================================================================================================================================================
   RowNo_3:ColumnNo_10_____phone 1 must be 10 digit only____________Time:Sunday, 26 April 2020 19:38:17 PM

++++++++++++++++++++++++++++++++++++++++++++++++++++++++++++++++++++++++++++++++++++++++++++++++++++++++++++++++++++++++++++++++

=======================================================================================================================================================
   RowNo_4:ColumnNo_10_____phone 1 must be 10 digit only____________Time:Sunday, 26 April 2020 19:38:17 PM

++++++++++++++++++++++++++++++++++++++++++++++++++++++++++++++++++++++++++++++++++++++++++++++++++++++++++++++++++++++++++++++++
   RowNo_4:ColumnNo_4_____CUST ID must be numeric____________Time:Sunday, 26 April 2020 19:38:17 PM

++++++++++++++++++++++++++++++++++++++++++++++++++++++++++++++++++++++++++++++++++++++++++++++++++++++++++++++++++++++++++++++++

=======================================================================================================================================================
   RowNo_5:ColumnNo_10_____phone 1 must be 10 digit only____________Time:Sunday, 26 April 2020 19:38:17 PM

++++++++++++++++++++++++++++++++++++++++++++++++++++++++++++++++++++++++++++++++++++++++++++++++++++++++++++++++++++++++++++++++
   RowNo_5:ColumnNo_34_____Contact no must be 10 digit only____________Time:Sunday, 26 April 2020 19:38:17 PM

++++++++++++++++++++++++++++++++++++++++++++++++++++++++++++++++++++++++++++++++++++++++++++++++++++++++++++++++++++++++++++++++

=======================================================================================================================================================
   RowNo_7:ColumnNo_10_____phone 1 must be 10 digit only____________Time:Sunday, 26 April 2020 19:38:17 PM

++++++++++++++++++++++++++++++++++++++++++++++++++++++++++++++++++++++++++++++++++++++++++++++++++++++++++++++++++++++++++++++++

=======================================================================================================================================================
   RowNo_8:ColumnNo_10_____phone 1 must be 10 digit only____________Time:Sunday, 26 April 2020 19:38:17 PM

++++++++++++++++++++++++++++++++++++++++++++++++++++++++++++++++++++++++++++++++++++++++++++++++++++++++++++++++++++++++++++++++
   RowNo_1:ColumnNo_14_____Guarantor Mobile No#_Additional Header Column Added____________Time:Sunday, 26 April 2020 22:06:18 PM

++++++++++++++++++++++++++++++++++++++++++++++++++++++++++++++++++++++++++++++++++++++++++++++++++++++++++++++++++++++++++++++++
   RowNo_1:ColumnNo_14_____Guarantor Mno_Missing Header Column____________Time:Sunday, 26 April 2020 22:06:18 PM

++++++++++++++++++++++++++++++++++++++++++++++++++++++++++++++++++++++++++++++++++++++++++++++++++++++++++++++++++++++++++++++++

=======================================================================================================================================================
   RowNo_3:ColumnNo_10_____phone 1 must be 10 digit only____________Time:Sunday, 26 April 2020 22:06:18 PM

++++++++++++++++++++++++++++++++++++++++++++++++++++++++++++++++++++++++++++++++++++++++++++++++++++++++++++++++++++++++++++++++

=======================================================================================================================================================
   RowNo_4:ColumnNo_10_____phone 1 must be 10 digit only____________Time:Sunday, 26 April 2020 22:06:18 PM

++++++++++++++++++++++++++++++++++++++++++++++++++++++++++++++++++++++++++++++++++++++++++++++++++++++++++++++++++++++++++++++++
   RowNo_4:ColumnNo_4_____CUST ID must be numeric____________Time:Sunday, 26 April 2020 22:06:18 PM

++++++++++++++++++++++++++++++++++++++++++++++++++++++++++++++++++++++++++++++++++++++++++++++++++++++++++++++++++++++++++++++++

=======================================================================================================================================================
   RowNo_5:ColumnNo_10_____phone 1 must be 10 digit only____________Time:Sunday, 26 April 2020 22:06:18 PM

++++++++++++++++++++++++++++++++++++++++++++++++++++++++++++++++++++++++++++++++++++++++++++++++++++++++++++++++++++++++++++++++
   RowNo_5:ColumnNo_34_____Contact no must be 10 digit only____________Time:Sunday, 26 April 2020 22:06:18 PM

++++++++++++++++++++++++++++++++++++++++++++++++++++++++++++++++++++++++++++++++++++++++++++++++++++++++++++++++++++++++++++++++

=======================================================================================================================================================
   RowNo_7:ColumnNo_10_____phone 1 must be 10 digit only____________Time:Sunday, 26 April 2020 22:06:18 PM

++++++++++++++++++++++++++++++++++++++++++++++++++++++++++++++++++++++++++++++++++++++++++++++++++++++++++++++++++++++++++++++++

=======================================================================================================================================================
   RowNo_8:ColumnNo_10_____phone 1 must be 10 digit only____________Time:Sunday, 26 April 2020 22:06:18 PM

++++++++++++++++++++++++++++++++++++++++++++++++++++++++++++++++++++++++++++++++++++++++++++++++++++++++++++++++++++++++++++++++
   RowNo_1:ColumnNo_14_____Guarantor Mobile No#_Additional Header Column Added____________Time:Sunday, 26 April 2020 22:07:34 PM

++++++++++++++++++++++++++++++++++++++++++++++++++++++++++++++++++++++++++++++++++++++++++++++++++++++++++++++++++++++++++++++++
   RowNo_1:ColumnNo_14_____Guarantor Mno_Missing Header Column____________Time:Sunday, 26 April 2020 22:07:34 PM

++++++++++++++++++++++++++++++++++++++++++++++++++++++++++++++++++++++++++++++++++++++++++++++++++++++++++++++++++++++++++++++++

=======================================================================================================================================================
   RowNo_3:ColumnNo_10_____phone 1 must be 10 digit only____________Time:Sunday, 26 April 2020 22:07:34 PM

++++++++++++++++++++++++++++++++++++++++++++++++++++++++++++++++++++++++++++++++++++++++++++++++++++++++++++++++++++++++++++++++

=======================================================================================================================================================
   RowNo_4:ColumnNo_10_____phone 1 must be 10 digit only____________Time:Sunday, 26 April 2020 22:07:34 PM

++++++++++++++++++++++++++++++++++++++++++++++++++++++++++++++++++++++++++++++++++++++++++++++++++++++++++++++++++++++++++++++++
   RowNo_4:ColumnNo_4_____CUST ID must be numeric____________Time:Sunday, 26 April 2020 22:07:34 PM

++++++++++++++++++++++++++++++++++++++++++++++++++++++++++++++++++++++++++++++++++++++++++++++++++++++++++++++++++++++++++++++++

=======================================================================================================================================================
   RowNo_5:ColumnNo_10_____phone 1 must be 10 digit only____________Time:Sunday, 26 April 2020 22:07:34 PM

++++++++++++++++++++++++++++++++++++++++++++++++++++++++++++++++++++++++++++++++++++++++++++++++++++++++++++++++++++++++++++++++
   RowNo_5:ColumnNo_34_____Contact no must be 10 digit only____________Time:Sunday, 26 April 2020 22:07:34 PM

++++++++++++++++++++++++++++++++++++++++++++++++++++++++++++++++++++++++++++++++++++++++++++++++++++++++++++++++++++++++++++++++

=======================================================================================================================================================
   RowNo_7:ColumnNo_10_____phone 1 must be 10 digit only____________Time:Sunday, 26 April 2020 22:07:34 PM

++++++++++++++++++++++++++++++++++++++++++++++++++++++++++++++++++++++++++++++++++++++++++++++++++++++++++++++++++++++++++++++++

=======================================================================================================================================================
   RowNo_8:ColumnNo_10_____phone 1 must be 10 digit only____________Time:Sunday, 26 April 2020 22:07:34 PM

++++++++++++++++++++++++++++++++++++++++++++++++++++++++++++++++++++++++++++++++++++++++++++++++++++++++++++++++++++++++++++++++
   RowNo_1:ColumnNo_14_____Guarantor Mobile No#_Additional Header Column Added____________Time:Sunday, 26 April 2020 22:09:44 PM

++++++++++++++++++++++++++++++++++++++++++++++++++++++++++++++++++++++++++++++++++++++++++++++++++++++++++++++++++++++++++++++++
   RowNo_1:ColumnNo_14_____Guarantor Mno_Missing Header Column____________Time:Sunday, 26 April 2020 22:09:44 PM

++++++++++++++++++++++++++++++++++++++++++++++++++++++++++++++++++++++++++++++++++++++++++++++++++++++++++++++++++++++++++++++++

=======================================================================================================================================================
   RowNo_3:ColumnNo_10_____phone 1 must be 10 digit only____________Time:Sunday, 26 April 2020 22:09:44 PM

++++++++++++++++++++++++++++++++++++++++++++++++++++++++++++++++++++++++++++++++++++++++++++++++++++++++++++++++++++++++++++++++

=======================================================================================================================================================
   RowNo_4:ColumnNo_10_____phone 1 must be 10 digit only____________Time:Sunday, 26 April 2020 22:09:44 PM

++++++++++++++++++++++++++++++++++++++++++++++++++++++++++++++++++++++++++++++++++++++++++++++++++++++++++++++++++++++++++++++++
   RowNo_4:ColumnNo_4_____CUST ID must be numeric____________Time:Sunday, 26 April 2020 22:09:44 PM

++++++++++++++++++++++++++++++++++++++++++++++++++++++++++++++++++++++++++++++++++++++++++++++++++++++++++++++++++++++++++++++++

=======================================================================================================================================================
   RowNo_5:ColumnNo_10_____phone 1 must be 10 digit only____________Time:Sunday, 26 April 2020 22:09:44 PM

++++++++++++++++++++++++++++++++++++++++++++++++++++++++++++++++++++++++++++++++++++++++++++++++++++++++++++++++++++++++++++++++
   RowNo_5:ColumnNo_34_____Contact no must be 10 digit only____________Time:Sunday, 26 April 2020 22:09:44 PM

++++++++++++++++++++++++++++++++++++++++++++++++++++++++++++++++++++++++++++++++++++++++++++++++++++++++++++++++++++++++++++++++

=======================================================================================================================================================
   RowNo_7:ColumnNo_10_____phone 1 must be 10 digit only____________Time:Sunday, 26 April 2020 22:09:44 PM

++++++++++++++++++++++++++++++++++++++++++++++++++++++++++++++++++++++++++++++++++++++++++++++++++++++++++++++++++++++++++++++++

=======================================================================================================================================================
   RowNo_8:ColumnNo_10_____phone 1 must be 10 digit only____________Time:Sunday, 26 April 2020 22:09:44 PM

++++++++++++++++++++++++++++++++++++++++++++++++++++++++++++++++++++++++++++++++++++++++++++++++++++++++++++++++++++++++++++++++
   RowNo_1:ColumnNo_14_____Guarantor Mobile No#_Additional Header Column Added____________Time:Sunday, 26 April 2020 22:14:07 PM

++++++++++++++++++++++++++++++++++++++++++++++++++++++++++++++++++++++++++++++++++++++++++++++++++++++++++++++++++++++++++++++++
   RowNo_1:ColumnNo_14_____Guarantor Mno_Missing Header Column____________Time:Sunday, 26 April 2020 22:14:07 PM

++++++++++++++++++++++++++++++++++++++++++++++++++++++++++++++++++++++++++++++++++++++++++++++++++++++++++++++++++++++++++++++++

=======================================================================================================================================================
   RowNo_3:ColumnNo_10_____phone 1 must be 10 digit only____________Time:Sunday, 26 April 2020 22:14:07 PM

++++++++++++++++++++++++++++++++++++++++++++++++++++++++++++++++++++++++++++++++++++++++++++++++++++++++++++++++++++++++++++++++

=======================================================================================================================================================
   RowNo_4:ColumnNo_10_____phone 1 must be 10 digit only____________Time:Sunday, 26 April 2020 22:14:07 PM

++++++++++++++++++++++++++++++++++++++++++++++++++++++++++++++++++++++++++++++++++++++++++++++++++++++++++++++++++++++++++++++++
   RowNo_4:ColumnNo_4_____CUST ID must be numeric____________Time:Sunday, 26 April 2020 22:14:07 PM

++++++++++++++++++++++++++++++++++++++++++++++++++++++++++++++++++++++++++++++++++++++++++++++++++++++++++++++++++++++++++++++++

=======================================================================================================================================================
   RowNo_5:ColumnNo_10_____phone 1 must be 10 digit only____________Time:Sunday, 26 April 2020 22:14:07 PM

++++++++++++++++++++++++++++++++++++++++++++++++++++++++++++++++++++++++++++++++++++++++++++++++++++++++++++++++++++++++++++++++
   RowNo_5:ColumnNo_34_____Contact no must be 10 digit only____________Time:Sunday, 26 April 2020 22:14:07 PM

++++++++++++++++++++++++++++++++++++++++++++++++++++++++++++++++++++++++++++++++++++++++++++++++++++++++++++++++++++++++++++++++

=======================================================================================================================================================
   RowNo_7:ColumnNo_10_____phone 1 must be 10 digit only____________Time:Sunday, 26 April 2020 22:14:07 PM

++++++++++++++++++++++++++++++++++++++++++++++++++++++++++++++++++++++++++++++++++++++++++++++++++++++++++++++++++++++++++++++++

=======================================================================================================================================================
   RowNo_8:ColumnNo_10_____phone 1 must be 10 digit only____________Time:Sunday, 26 April 2020 22:14:07 PM

++++++++++++++++++++++++++++++++++++++++++++++++++++++++++++++++++++++++++++++++++++++++++++++++++++++++++++++++++++++++++++++++
   RowNo_1:ColumnNo_14_____Guarantor Mobile No#_Additional Header Column Added____________Time:Sunday, 26 April 2020 22:16:38 PM

++++++++++++++++++++++++++++++++++++++++++++++++++++++++++++++++++++++++++++++++++++++++++++++++++++++++++++++++++++++++++++++++
   RowNo_1:ColumnNo_14_____Guarantor Mno_Missing Header Column____________Time:Sunday, 26 April 2020 22:16:38 PM

++++++++++++++++++++++++++++++++++++++++++++++++++++++++++++++++++++++++++++++++++++++++++++++++++++++++++++++++++++++++++++++++

=======================================================================================================================================================
   RowNo_3:ColumnNo_10_____phone 1 must be 10 digit only____________Time:Sunday, 26 April 2020 22:16:38 PM

++++++++++++++++++++++++++++++++++++++++++++++++++++++++++++++++++++++++++++++++++++++++++++++++++++++++++++++++++++++++++++++++

=======================================================================================================================================================
   RowNo_4:ColumnNo_10_____phone 1 must be 10 digit only____________Time:Sunday, 26 April 2020 22:16:38 PM

++++++++++++++++++++++++++++++++++++++++++++++++++++++++++++++++++++++++++++++++++++++++++++++++++++++++++++++++++++++++++++++++
   RowNo_4:ColumnNo_4_____CUST ID must be numeric____________Time:Sunday, 26 April 2020 22:16:38 PM

++++++++++++++++++++++++++++++++++++++++++++++++++++++++++++++++++++++++++++++++++++++++++++++++++++++++++++++++++++++++++++++++

=======================================================================================================================================================
   RowNo_5:ColumnNo_10_____phone 1 must be 10 digit only____________Time:Sunday, 26 April 2020 22:16:38 PM

++++++++++++++++++++++++++++++++++++++++++++++++++++++++++++++++++++++++++++++++++++++++++++++++++++++++++++++++++++++++++++++++
   RowNo_5:ColumnNo_34_____Contact no must be 10 digit only____________Time:Sunday, 26 April 2020 22:16:38 PM

++++++++++++++++++++++++++++++++++++++++++++++++++++++++++++++++++++++++++++++++++++++++++++++++++++++++++++++++++++++++++++++++

=======================================================================================================================================================
   RowNo_7:ColumnNo_10_____phone 1 must be 10 digit only____________Time:Sunday, 26 April 2020 22:16:38 PM

++++++++++++++++++++++++++++++++++++++++++++++++++++++++++++++++++++++++++++++++++++++++++++++++++++++++++++++++++++++++++++++++

=======================================================================================================================================================
   RowNo_8:ColumnNo_10_____phone 1 must be 10 digit only____________Time:Sunday, 26 April 2020 22:16:38 PM

++++++++++++++++++++++++++++++++++++++++++++++++++++++++++++++++++++++++++++++++++++++++++++++++++++++++++++++++++++++++++++++++
   RowNo_1:ColumnNo_14_____Guarantor Mobile No#_Additional Header Column Added____________Time:Sunday, 26 April 2020 22:19:18 PM

++++++++++++++++++++++++++++++++++++++++++++++++++++++++++++++++++++++++++++++++++++++++++++++++++++++++++++++++++++++++++++++++
   RowNo_1:ColumnNo_14_____Guarantor Mno_Missing Header Column____________Time:Sunday, 26 April 2020 22:19:18 PM

++++++++++++++++++++++++++++++++++++++++++++++++++++++++++++++++++++++++++++++++++++++++++++++++++++++++++++++++++++++++++++++++

=======================================================================================================================================================
   RowNo_3:ColumnNo_10_____phone 1 must be 10 digit only____________Time:Sunday, 26 April 2020 22:19:18 PM

++++++++++++++++++++++++++++++++++++++++++++++++++++++++++++++++++++++++++++++++++++++++++++++++++++++++++++++++++++++++++++++++

=======================================================================================================================================================
   RowNo_4:ColumnNo_10_____phone 1 must be 10 digit only____________Time:Sunday, 26 April 2020 22:19:18 PM

++++++++++++++++++++++++++++++++++++++++++++++++++++++++++++++++++++++++++++++++++++++++++++++++++++++++++++++++++++++++++++++++
   RowNo_4:ColumnNo_4_____CUST ID must be numeric____________Time:Sunday, 26 April 2020 22:19:18 PM

++++++++++++++++++++++++++++++++++++++++++++++++++++++++++++++++++++++++++++++++++++++++++++++++++++++++++++++++++++++++++++++++

=======================================================================================================================================================
   RowNo_5:ColumnNo_10_____phone 1 must be 10 digit only____________Time:Sunday, 26 April 2020 22:19:18 PM

++++++++++++++++++++++++++++++++++++++++++++++++++++++++++++++++++++++++++++++++++++++++++++++++++++++++++++++++++++++++++++++++
   RowNo_5:ColumnNo_34_____Contact no must be 10 digit only____________Time:Sunday, 26 April 2020 22:19:18 PM

++++++++++++++++++++++++++++++++++++++++++++++++++++++++++++++++++++++++++++++++++++++++++++++++++++++++++++++++++++++++++++++++

=======================================================================================================================================================
   RowNo_7:ColumnNo_10_____phone 1 must be 10 digit only____________Time:Sunday, 26 April 2020 22:19:18 PM

++++++++++++++++++++++++++++++++++++++++++++++++++++++++++++++++++++++++++++++++++++++++++++++++++++++++++++++++++++++++++++++++

=======================================================================================================================================================
   RowNo_8:ColumnNo_10_____phone 1 must be 10 digit only____________Time:Sunday, 26 April 2020 22:19:18 PM

++++++++++++++++++++++++++++++++++++++++++++++++++++++++++++++++++++++++++++++++++++++++++++++++++++++++++++++++++++++++++++++++
   RowNo_1:ColumnNo_14_____Guarantor Mobile No#_Additional Header Column Added____________Time:Sunday, 26 April 2020 22:20:19 PM

++++++++++++++++++++++++++++++++++++++++++++++++++++++++++++++++++++++++++++++++++++++++++++++++++++++++++++++++++++++++++++++++
   RowNo_1:ColumnNo_14_____Guarantor Mno_Missing Header Column____________Time:Sunday, 26 April 2020 22:20:19 PM

++++++++++++++++++++++++++++++++++++++++++++++++++++++++++++++++++++++++++++++++++++++++++++++++++++++++++++++++++++++++++++++++

=======================================================================================================================================================
   RowNo_3:ColumnNo_10_____phone 1 must be 10 digit only____________Time:Sunday, 26 April 2020 22:20:19 PM

++++++++++++++++++++++++++++++++++++++++++++++++++++++++++++++++++++++++++++++++++++++++++++++++++++++++++++++++++++++++++++++++

=======================================================================================================================================================
   RowNo_4:ColumnNo_10_____phone 1 must be 10 digit only____________Time:Sunday, 26 April 2020 22:20:19 PM

++++++++++++++++++++++++++++++++++++++++++++++++++++++++++++++++++++++++++++++++++++++++++++++++++++++++++++++++++++++++++++++++
   RowNo_4:ColumnNo_4_____CUST ID must be numeric____________Time:Sunday, 26 April 2020 22:20:19 PM

++++++++++++++++++++++++++++++++++++++++++++++++++++++++++++++++++++++++++++++++++++++++++++++++++++++++++++++++++++++++++++++++

=======================================================================================================================================================
   RowNo_5:ColumnNo_10_____phone 1 must be 10 digit only____________Time:Sunday, 26 April 2020 22:20:19 PM

++++++++++++++++++++++++++++++++++++++++++++++++++++++++++++++++++++++++++++++++++++++++++++++++++++++++++++++++++++++++++++++++
   RowNo_5:ColumnNo_34_____Contact no must be 10 digit only____________Time:Sunday, 26 April 2020 22:20:19 PM

++++++++++++++++++++++++++++++++++++++++++++++++++++++++++++++++++++++++++++++++++++++++++++++++++++++++++++++++++++++++++++++++

=======================================================================================================================================================
   RowNo_7:ColumnNo_10_____phone 1 must be 10 digit only____________Time:Sunday, 26 April 2020 22:20:19 PM

++++++++++++++++++++++++++++++++++++++++++++++++++++++++++++++++++++++++++++++++++++++++++++++++++++++++++++++++++++++++++++++++

=======================================================================================================================================================
   RowNo_8:ColumnNo_10_____phone 1 must be 10 digit only____________Time:Sunday, 26 April 2020 22:20:19 PM

++++++++++++++++++++++++++++++++++++++++++++++++++++++++++++++++++++++++++++++++++++++++++++++++++++++++++++++++++++++++++++++++
   RowNo_1:ColumnNo_14_____Guarantor Mobile No#_Additional Header Column Added____________Time:Sunday, 26 April 2020 22:25:09 PM

++++++++++++++++++++++++++++++++++++++++++++++++++++++++++++++++++++++++++++++++++++++++++++++++++++++++++++++++++++++++++++++++
   RowNo_1:ColumnNo_14_____Guarantor Mno_Missing Header Column____________Time:Sunday, 26 April 2020 22:25:10 PM

++++++++++++++++++++++++++++++++++++++++++++++++++++++++++++++++++++++++++++++++++++++++++++++++++++++++++++++++++++++++++++++++

=======================================================================================================================================================
   RowNo_3:ColumnNo_10_____phone 1 must be 10 digit only____________Time:Sunday, 26 April 2020 22:25:10 PM

++++++++++++++++++++++++++++++++++++++++++++++++++++++++++++++++++++++++++++++++++++++++++++++++++++++++++++++++++++++++++++++++

=======================================================================================================================================================
   RowNo_4:ColumnNo_10_____phone 1 must be 10 digit only____________Time:Sunday, 26 April 2020 22:25:10 PM

++++++++++++++++++++++++++++++++++++++++++++++++++++++++++++++++++++++++++++++++++++++++++++++++++++++++++++++++++++++++++++++++
   RowNo_4:ColumnNo_4_____CUST ID must be numeric____________Time:Sunday, 26 April 2020 22:25:10 PM

++++++++++++++++++++++++++++++++++++++++++++++++++++++++++++++++++++++++++++++++++++++++++++++++++++++++++++++++++++++++++++++++

=======================================================================================================================================================
   RowNo_5:ColumnNo_10_____phone 1 must be 10 digit only____________Time:Sunday, 26 April 2020 22:25:10 PM

++++++++++++++++++++++++++++++++++++++++++++++++++++++++++++++++++++++++++++++++++++++++++++++++++++++++++++++++++++++++++++++++
   RowNo_5:ColumnNo_34_____Contact no must be 10 digit only____________Time:Sunday, 26 April 2020 22:25:10 PM

++++++++++++++++++++++++++++++++++++++++++++++++++++++++++++++++++++++++++++++++++++++++++++++++++++++++++++++++++++++++++++++++

=======================================================================================================================================================
   RowNo_7:ColumnNo_10_____phone 1 must be 10 digit only____________Time:Sunday, 26 April 2020 22:25:10 PM

++++++++++++++++++++++++++++++++++++++++++++++++++++++++++++++++++++++++++++++++++++++++++++++++++++++++++++++++++++++++++++++++

=======================================================================================================================================================
   RowNo_8:ColumnNo_10_____phone 1 must be 10 digit only____________Time:Sunday, 26 April 2020 22:25:10 PM

++++++++++++++++++++++++++++++++++++++++++++++++++++++++++++++++++++++++++++++++++++++++++++++++++++++++++++++++++++++++++++++++
   RowNo_1:ColumnNo_14_____Guarantor Mobile No#_Additional Header Column Added____________Time:Sunday, 26 April 2020 22:27:11 PM

++++++++++++++++++++++++++++++++++++++++++++++++++++++++++++++++++++++++++++++++++++++++++++++++++++++++++++++++++++++++++++++++
   RowNo_1:ColumnNo_14_____Guarantor Mno_Missing Header Column____________Time:Sunday, 26 April 2020 22:27:11 PM

++++++++++++++++++++++++++++++++++++++++++++++++++++++++++++++++++++++++++++++++++++++++++++++++++++++++++++++++++++++++++++++++

=======================================================================================================================================================
   RowNo_3:ColumnNo_10_____phone 1 must be 10 digit only____________Time:Sunday, 26 April 2020 22:27:11 PM

++++++++++++++++++++++++++++++++++++++++++++++++++++++++++++++++++++++++++++++++++++++++++++++++++++++++++++++++++++++++++++++++

=======================================================================================================================================================
   RowNo_4:ColumnNo_10_____phone 1 must be 10 digit only____________Time:Sunday, 26 April 2020 22:27:11 PM

++++++++++++++++++++++++++++++++++++++++++++++++++++++++++++++++++++++++++++++++++++++++++++++++++++++++++++++++++++++++++++++++
   RowNo_4:ColumnNo_4_____CUST ID must be numeric____________Time:Sunday, 26 April 2020 22:27:11 PM

++++++++++++++++++++++++++++++++++++++++++++++++++++++++++++++++++++++++++++++++++++++++++++++++++++++++++++++++++++++++++++++++

=======================================================================================================================================================
   RowNo_5:ColumnNo_10_____phone 1 must be 10 digit only____________Time:Sunday, 26 April 2020 22:27:11 PM

++++++++++++++++++++++++++++++++++++++++++++++++++++++++++++++++++++++++++++++++++++++++++++++++++++++++++++++++++++++++++++++++
   RowNo_5:ColumnNo_34_____Contact no must be 10 digit only____________Time:Sunday, 26 April 2020 22:27:11 PM

++++++++++++++++++++++++++++++++++++++++++++++++++++++++++++++++++++++++++++++++++++++++++++++++++++++++++++++++++++++++++++++++

=======================================================================================================================================================
   RowNo_7:ColumnNo_10_____phone 1 must be 10 digit only____________Time:Sunday, 26 April 2020 22:27:11 PM

++++++++++++++++++++++++++++++++++++++++++++++++++++++++++++++++++++++++++++++++++++++++++++++++++++++++++++++++++++++++++++++++

=======================================================================================================================================================
   RowNo_8:ColumnNo_10_____phone 1 must be 10 digit only____________Time:Sunday, 26 April 2020 22:27:11 PM

++++++++++++++++++++++++++++++++++++++++++++++++++++++++++++++++++++++++++++++++++++++++++++++++++++++++++++++++++++++++++++++++
   RowNo_1:ColumnNo_14_____Guarantor Mobile No#_Additional Header Column Added____________Time:Sunday, 26 April 2020 22:30:03 PM

++++++++++++++++++++++++++++++++++++++++++++++++++++++++++++++++++++++++++++++++++++++++++++++++++++++++++++++++++++++++++++++++
   RowNo_1:ColumnNo_14_____Guarantor Mno_Missing Header Column____________Time:Sunday, 26 April 2020 22:30:03 PM

++++++++++++++++++++++++++++++++++++++++++++++++++++++++++++++++++++++++++++++++++++++++++++++++++++++++++++++++++++++++++++++++

=======================================================================================================================================================
   RowNo_3:ColumnNo_10_____phone 1 must be 10 digit only____________Time:Sunday, 26 April 2020 22:30:03 PM

++++++++++++++++++++++++++++++++++++++++++++++++++++++++++++++++++++++++++++++++++++++++++++++++++++++++++++++++++++++++++++++++

=======================================================================================================================================================
   RowNo_4:ColumnNo_10_____phone 1 must be 10 digit only____________Time:Sunday, 26 April 2020 22:30:03 PM

++++++++++++++++++++++++++++++++++++++++++++++++++++++++++++++++++++++++++++++++++++++++++++++++++++++++++++++++++++++++++++++++
   RowNo_4:ColumnNo_4_____CUST ID must be numeric____________Time:Sunday, 26 April 2020 22:30:03 PM

++++++++++++++++++++++++++++++++++++++++++++++++++++++++++++++++++++++++++++++++++++++++++++++++++++++++++++++++++++++++++++++++

=======================================================================================================================================================
   RowNo_5:ColumnNo_10_____phone 1 must be 10 digit only____________Time:Sunday, 26 April 2020 22:30:03 PM

++++++++++++++++++++++++++++++++++++++++++++++++++++++++++++++++++++++++++++++++++++++++++++++++++++++++++++++++++++++++++++++++
   RowNo_5:ColumnNo_34_____Contact no must be 10 digit only____________Time:Sunday, 26 April 2020 22:30:03 PM

++++++++++++++++++++++++++++++++++++++++++++++++++++++++++++++++++++++++++++++++++++++++++++++++++++++++++++++++++++++++++++++++

=======================================================================================================================================================
   RowNo_7:ColumnNo_10_____phone 1 must be 10 digit only____________Time:Sunday, 26 April 2020 22:30:03 PM

++++++++++++++++++++++++++++++++++++++++++++++++++++++++++++++++++++++++++++++++++++++++++++++++++++++++++++++++++++++++++++++++

=======================================================================================================================================================
   RowNo_8:ColumnNo_10_____phone 1 must be 10 digit only____________Time:Sunday, 26 April 2020 22:30:03 PM

++++++++++++++++++++++++++++++++++++++++++++++++++++++++++++++++++++++++++++++++++++++++++++++++++++++++++++++++++++++++++++++++
