   RowNo_1:ColumnNo_14_____Guarantor Mobile No#_Additional Header Column Added____________Time:Saturday, 25 April 2020 21:13:15 PM

++++++++++++++++++++++++++++++++++++++++++++++++++++++++++++++++++++++++++++++++++++++++++++++++++++++++++++++++++++++++++++++++
   RowNo_1:ColumnNo_14_____Guarantor Mno_Missing Header Column____________Time:Saturday, 25 April 2020 21:13:15 PM

++++++++++++++++++++++++++++++++++++++++++++++++++++++++++++++++++++++++++++++++++++++++++++++++++++++++++++++++++++++++++++++++

=======================================================================================================================================================
   RowNo_3:ColumnNo_10_____phone 1 must be 10 digit only____________Time:Saturday, 25 April 2020 21:13:15 PM

++++++++++++++++++++++++++++++++++++++++++++++++++++++++++++++++++++++++++++++++++++++++++++++++++++++++++++++++++++++++++++++++

=======================================================================================================================================================
   RowNo_4:ColumnNo_10_____phone 1 must be 10 digit only____________Time:Saturday, 25 April 2020 21:13:15 PM

++++++++++++++++++++++++++++++++++++++++++++++++++++++++++++++++++++++++++++++++++++++++++++++++++++++++++++++++++++++++++++++++
   RowNo_4:ColumnNo_4_____CUST ID must be numeric____________Time:Saturday, 25 April 2020 21:13:15 PM

++++++++++++++++++++++++++++++++++++++++++++++++++++++++++++++++++++++++++++++++++++++++++++++++++++++++++++++++++++++++++++++++

=======================================================================================================================================================
   RowNo_5:ColumnNo_10_____phone 1 must be 10 digit only____________Time:Saturday, 25 April 2020 21:13:15 PM

++++++++++++++++++++++++++++++++++++++++++++++++++++++++++++++++++++++++++++++++++++++++++++++++++++++++++++++++++++++++++++++++
   RowNo_5:ColumnNo_34_____Contact no must be 10 digit only____________Time:Saturday, 25 April 2020 21:13:15 PM

++++++++++++++++++++++++++++++++++++++++++++++++++++++++++++++++++++++++++++++++++++++++++++++++++++++++++++++++++++++++++++++++

=======================================================================================================================================================
   RowNo_7:ColumnNo_10_____phone 1 must be 10 digit only____________Time:Saturday, 25 April 2020 21:13:15 PM

++++++++++++++++++++++++++++++++++++++++++++++++++++++++++++++++++++++++++++++++++++++++++++++++++++++++++++++++++++++++++++++++

=======================================================================================================================================================
   RowNo_8:ColumnNo_10_____phone 1 must be 10 digit only____________Time:Saturday, 25 April 2020 21:13:15 PM

++++++++++++++++++++++++++++++++++++++++++++++++++++++++++++++++++++++++++++++++++++++++++++++++++++++++++++++++++++++++++++++++
   RowNo_1:ColumnNo_14_____Guarantor Mobile No#_Additional Header Column Added____________Time:Saturday, 25 April 2020 21:16:26 PM

++++++++++++++++++++++++++++++++++++++++++++++++++++++++++++++++++++++++++++++++++++++++++++++++++++++++++++++++++++++++++++++++
   RowNo_1:ColumnNo_14_____Guarantor Mno_Missing Header Column____________Time:Saturday, 25 April 2020 21:16:26 PM

++++++++++++++++++++++++++++++++++++++++++++++++++++++++++++++++++++++++++++++++++++++++++++++++++++++++++++++++++++++++++++++++

=======================================================================================================================================================
   RowNo_3:ColumnNo_10_____phone 1 must be 10 digit only____________Time:Saturday, 25 April 2020 21:16:26 PM

++++++++++++++++++++++++++++++++++++++++++++++++++++++++++++++++++++++++++++++++++++++++++++++++++++++++++++++++++++++++++++++++

=======================================================================================================================================================
   RowNo_4:ColumnNo_10_____phone 1 must be 10 digit only____________Time:Saturday, 25 April 2020 21:16:26 PM

++++++++++++++++++++++++++++++++++++++++++++++++++++++++++++++++++++++++++++++++++++++++++++++++++++++++++++++++++++++++++++++++
   RowNo_4:ColumnNo_4_____CUST ID must be numeric____________Time:Saturday, 25 April 2020 21:16:26 PM

++++++++++++++++++++++++++++++++++++++++++++++++++++++++++++++++++++++++++++++++++++++++++++++++++++++++++++++++++++++++++++++++

=======================================================================================================================================================
   RowNo_5:ColumnNo_10_____phone 1 must be 10 digit only____________Time:Saturday, 25 April 2020 21:16:26 PM

++++++++++++++++++++++++++++++++++++++++++++++++++++++++++++++++++++++++++++++++++++++++++++++++++++++++++++++++++++++++++++++++
   RowNo_5:ColumnNo_34_____Contact no must be 10 digit only____________Time:Saturday, 25 April 2020 21:16:26 PM

++++++++++++++++++++++++++++++++++++++++++++++++++++++++++++++++++++++++++++++++++++++++++++++++++++++++++++++++++++++++++++++++

=======================================================================================================================================================
   RowNo_7:ColumnNo_10_____phone 1 must be 10 digit only____________Time:Saturday, 25 April 2020 21:16:26 PM

++++++++++++++++++++++++++++++++++++++++++++++++++++++++++++++++++++++++++++++++++++++++++++++++++++++++++++++++++++++++++++++++

=======================================================================================================================================================
   RowNo_8:ColumnNo_10_____phone 1 must be 10 digit only____________Time:Saturday, 25 April 2020 21:16:26 PM

++++++++++++++++++++++++++++++++++++++++++++++++++++++++++++++++++++++++++++++++++++++++++++++++++++++++++++++++++++++++++++++++
   RowNo_1:ColumnNo_14_____Guarantor Mobile No#_Additional Header Column Added____________Time:Saturday, 25 April 2020 21:16:57 PM

++++++++++++++++++++++++++++++++++++++++++++++++++++++++++++++++++++++++++++++++++++++++++++++++++++++++++++++++++++++++++++++++
   RowNo_1:ColumnNo_14_____Guarantor Mno_Missing Header Column____________Time:Saturday, 25 April 2020 21:16:57 PM

++++++++++++++++++++++++++++++++++++++++++++++++++++++++++++++++++++++++++++++++++++++++++++++++++++++++++++++++++++++++++++++++

=======================================================================================================================================================
   RowNo_3:ColumnNo_10_____phone 1 must be 10 digit only____________Time:Saturday, 25 April 2020 21:16:57 PM

++++++++++++++++++++++++++++++++++++++++++++++++++++++++++++++++++++++++++++++++++++++++++++++++++++++++++++++++++++++++++++++++

=======================================================================================================================================================
   RowNo_4:ColumnNo_10_____phone 1 must be 10 digit only____________Time:Saturday, 25 April 2020 21:16:57 PM

++++++++++++++++++++++++++++++++++++++++++++++++++++++++++++++++++++++++++++++++++++++++++++++++++++++++++++++++++++++++++++++++
   RowNo_4:ColumnNo_4_____CUST ID must be numeric____________Time:Saturday, 25 April 2020 21:16:57 PM

++++++++++++++++++++++++++++++++++++++++++++++++++++++++++++++++++++++++++++++++++++++++++++++++++++++++++++++++++++++++++++++++

=======================================================================================================================================================
   RowNo_5:ColumnNo_10_____phone 1 must be 10 digit only____________Time:Saturday, 25 April 2020 21:16:57 PM

++++++++++++++++++++++++++++++++++++++++++++++++++++++++++++++++++++++++++++++++++++++++++++++++++++++++++++++++++++++++++++++++
   RowNo_5:ColumnNo_34_____Contact no must be 10 digit only____________Time:Saturday, 25 April 2020 21:16:57 PM

++++++++++++++++++++++++++++++++++++++++++++++++++++++++++++++++++++++++++++++++++++++++++++++++++++++++++++++++++++++++++++++++

=======================================================================================================================================================
   RowNo_7:ColumnNo_10_____phone 1 must be 10 digit only____________Time:Saturday, 25 April 2020 21:16:57 PM

++++++++++++++++++++++++++++++++++++++++++++++++++++++++++++++++++++++++++++++++++++++++++++++++++++++++++++++++++++++++++++++++

=======================================================================================================================================================
   RowNo_8:ColumnNo_10_____phone 1 must be 10 digit only____________Time:Saturday, 25 April 2020 21:16:57 PM

++++++++++++++++++++++++++++++++++++++++++++++++++++++++++++++++++++++++++++++++++++++++++++++++++++++++++++++++++++++++++++++++
